0:00:00:00 Starting a new session
0:00:00:00 Loaded a total of 1 password hash
0:00:00:00 - Hash type: descrypt, traditional crypt(3) (lengths up to 8, longer passwords split)
0:00:00:00 - Algorithm: DES 128/128 SSE2-16
0:00:00:00 - Candidate passwords will be buffered and tried in chunks of 128
0:00:00:00 - Configured to use otherwise idle processor cycles only
0:00:00:00 Proceeding with "single crack" mode
0:00:00:00 - 1081 preprocessed word mangling rules
0:00:00:00 - Allocated 1 buffer of 128 candidate passwords
0:00:00:00 - Rule #1: ':' accepted as ''
0:00:00:00 - Rule #2: '-s x**' rejected
0:00:00:00 - Rule #3: '-c (?a c Q' accepted as '(?acQ'
0:00:00:00 - Rule #4: '-c l Q' accepted as 'lQ'
0:00:00:00 - Rule #5: '-s-c x** /?u l' rejected
0:00:00:00 - Rule #6: '>6 '6' accepted as '>6'6'
0:00:00:00 - Rule #7: '>7 '7 l' accepted as '>7'7l'
0:00:00:00 - Rule #8: '-c >6 '6 /?u l' accepted as '>6'6/?ul'
0:00:00:00 - Rule #9: '>5 '5' accepted as '>5'5'
0:00:00:00 - Rule #10: '<* d' accepted as '<*d'
0:00:00:00 - Rule #11: 'r c' accepted as 'rc'
0:00:00:00 - Rule #12: '-c <* (?a d c' accepted as '<*(?adc'
0:00:00:00 - Rule #13: '-c >5 '5 /?u l' accepted as '>5'5/?ul'
0:00:00:00 - Rule #14: '-c u Q' accepted as 'uQ'
0:00:00:00 - Rule #15: '-c )?a r l' accepted as ')?arl'
0:00:00:00 - Rule #16: '-: <* !?A l p' accepted as '<*!?Alp'
0:00:00:00 - Rule #17: '-c <* !?A c p' accepted as '<*!?Acp'
0:00:00:00 - Rule #18: '-c <* c Q d' accepted as '<*cQd'
0:00:00:00 - Rule #19: '-c >7 '7 /?u' accepted as '>7'7/?u'
0:00:00:00 - Rule #20: '>4 '4 l' accepted as '>4'4l'
0:00:00:00 - Rule #21: '-c <+ (?l c r' accepted as '<+(?lcr'
0:00:00:00 - Rule #22: '-c <+ )?l l Tm' accepted as '<+)?llTm'
0:00:00:00 - Rule #23: '>3 '3' accepted as '>3'3'
0:00:00:00 - Rule #24: '-c >4 '4 /?u' accepted as '>4'4/?u'
0:00:00:00 - Rule #25: '-c >3 '3 /?u l' accepted as '>3'3/?ul'
0:00:00:00 - Rule #26: '-c u Q r' accepted as 'uQr'
0:00:00:00 - Rule #27: '<* d M 'l f Q' accepted as '<*dM'lfQ'
0:00:00:00 - Rule #28: '-c <* l Q d M 'l f Q' accepted as '<*lQdM'lfQ'
0:00:00:00 - Rule #29: '>2 x12' accepted as '>2x12'
0:00:00:00 - Rule #30: '>3 x13' accepted as '>3x13'
0:00:00:00 - Rule #31: '>4 x14' accepted as '>4x14'
0:00:00:00 - Rule #32: '>5 x15' accepted as '>5x15'
0:00:00:00 - Rule #33: '>6 x16' accepted as '>6x16'
0:00:00:00 - Rule #34: '>7 x17' accepted as '>7x17'
0:00:00:00 - Rule #35: '>8 x18' accepted as '>8x18'
0:00:00:00 - Rule #36: '>9 [' accepted as '>9['
0:00:00:00 - Rule #37: '>3 x22' accepted as '>3x22'
0:00:00:00 - Rule #38: '>4 x23' accepted as '>4x23'
0:00:00:00 - Rule #39: '>5 x24' accepted as '>5x24'
0:00:00:00 - Rule #40: '>6 x25' accepted as '>6x25'
0:00:00:00 - Rule #41: '>7 x26' accepted as '>7x26'
0:00:00:00 - Rule #42: '>8 x27' accepted as '>8x27'
0:00:00:00 - Rule #43: '>9 x28' accepted as '>9x28'
0:00:00:00 - Rule #44: '>4 x32' accepted as '>4x32'
0:00:00:00 - Rule #45: '>5 x33' accepted as '>5x33'
0:00:00:00 - Rule #46: '>6 x34' accepted as '>6x34'
0:00:00:00 - Rule #47: '>7 x35' accepted as '>7x35'
0:00:00:00 - Rule #48: '>8 x36' accepted as '>8x36'
0:00:00:00 - Rule #49: '>9 x37' accepted as '>9x37'
0:00:00:00 - Rule #50: '-c >2 x12 /?u l' accepted as '>2x12/?ul'
0:00:00:00 - Rule #51: '-c >3 x13 /?u l' accepted as '>3x13/?ul'
0:00:00:00 - Rule #52: '-c >4 x14 /?u l' accepted as '>4x14/?ul'
0:00:00:00 - Rule #53: '-c >5 x15 /?u l' accepted as '>5x15/?ul'
0:00:00:00 - Rule #54: '-c >6 x16 /?u l' accepted as '>6x16/?ul'
0:00:00:00 - Rule #55: '-c >7 x17 /?u l' accepted as '>7x17/?ul'
0:00:00:00 - Rule #56: '-c >8 x18 /?u l' accepted as '>8x18/?ul'
0:00:00:00 - Rule #57: '-c >9 [ /?u l' accepted as '>9[/?ul'
0:00:00:00 - Rule #58: '-c >3 x22 /?u l' accepted as '>3x22/?ul'
0:00:00:00 - Rule #59: '-c >4 x23 /?u l' accepted as '>4x23/?ul'
0:00:00:00 - Rule #60: '-c >5 x24 /?u l' accepted as '>5x24/?ul'
0:00:00:00 - Rule #61: '-c >6 x25 /?u l' accepted as '>6x25/?ul'
0:00:00:00 - Rule #62: '-c >7 x26 /?u l' accepted as '>7x26/?ul'
0:00:00:00 - Rule #63: '-c >8 x27 /?u l' accepted as '>8x27/?ul'
0:00:00:00 - Rule #64: '-c >9 x28 /?u l' accepted as '>9x28/?ul'
0:00:00:00 - Rule #65: '-c >4 x32 /?u l' accepted as '>4x32/?ul'
0:00:00:00 - Rule #66: '-c >5 x33 /?u l' accepted as '>5x33/?ul'
0:00:00:00 - Rule #67: '-c >6 x34 /?u l' accepted as '>6x34/?ul'
0:00:00:00 - Rule #68: '-c >7 x35 /?u l' accepted as '>7x35/?ul'
0:00:00:00 - Rule #69: '-c >8 x36 /?u l' accepted as '>8x36/?ul'
0:00:00:00 - Rule #70: '-c >9 x37 /?u l' accepted as '>9x37/?ul'
0:00:00:00 - Rule #71: '<* l $1' accepted as '<*l$1'
0:00:00:00 - Rule #72: '<* l $2' accepted as '<*l$2'
0:00:00:00 - Rule #73: '<* l $3' accepted as '<*l$3'
0:00:00:00 - Rule #74: '<* l $4' accepted as '<*l$4'
0:00:00:00 - Rule #75: '<* l $5' accepted as '<*l$5'
0:00:00:00 - Rule #76: '<* l $6' accepted as '<*l$6'
0:00:00:00 - Rule #77: '<* l $7' accepted as '<*l$7'
0:00:00:00 - Rule #78: '<* l $8' accepted as '<*l$8'
0:00:00:00 - Rule #79: '<* l $9' accepted as '<*l$9'
0:00:00:00 - Rule #80: '<* l $!' accepted as '<*l$!'
0:00:00:00 - Rule #81: '<* l $0' accepted as '<*l$0'
0:00:00:00 - Rule #82: '<* l $a' accepted as '<*l$a'
0:00:00:00 - Rule #83: '<* l $b' accepted as '<*l$b'
0:00:00:00 - Rule #84: '<* l $c' accepted as '<*l$c'
0:00:00:00 - Rule #85: '<* l $d' accepted as '<*l$d'
0:00:00:00 - Rule #86: '<* l $e' accepted as '<*l$e'
0:00:00:00 - Rule #87: '<* l $f' accepted as '<*l$f'
0:00:00:00 - Rule #88: '<* l $g' accepted as '<*l$g'
0:00:00:00 - Rule #89: '<* l $h' accepted as '<*l$h'
0:00:00:00 - Rule #90: '<* l $i' accepted as '<*l$i'
0:00:00:00 - Rule #91: '<* l $j' accepted as '<*l$j'
0:00:00:00 - Rule #92: '<* l $k' accepted as '<*l$k'
0:00:00:00 - Rule #93: '<* l $l' accepted as '<*l$l'
0:00:00:00 - Rule #94: '<* l $m' accepted as '<*l$m'
0:00:00:00 - Rule #95: '<* l $n' accepted as '<*l$n'
0:00:00:00 - Rule #96: '<* l $o' accepted as '<*l$o'
0:00:00:00 - Rule #97: '<* l $p' accepted as '<*l$p'
0:00:00:00 - Rule #98: '<* l $q' accepted as '<*l$q'
0:00:00:00 - Rule #99: '<* l $r' accepted as '<*l$r'
0:00:00:00 - Rule #100: '<* l $t' accepted as '<*l$t'
0:00:00:00 - Rule #101: '<* l $u' accepted as '<*l$u'
0:00:00:00 - Rule #102: '<* l $v' accepted as '<*l$v'
0:00:00:00 - Rule #103: '<* l $w' accepted as '<*l$w'
0:00:00:00 - Rule #104: '<* l $x' accepted as '<*l$x'
0:00:00:00 - Rule #105: '<* l $y' accepted as '<*l$y'
0:00:00:00 - Rule #106: '<* l $z' accepted as '<*l$z'
0:00:00:00 - Rule #107: '<* l $"' accepted as '<*l$"'
0:00:00:00 - Rule #108: '<* l $#' accepted as '<*l$#'
0:00:00:00 - Rule #109: '<* l $$' accepted as '<*l$$'
0:00:00:00 - Rule #110: '<* l $%' accepted as '<*l$%'
0:00:00:00 - Rule #111: '<* l $&' accepted as '<*l$&'
0:00:00:00 - Rule #112: '<* l $'' accepted as '<*l$''
0:00:00:00 - Rule #113: '<* l $(' accepted as '<*l$('
0:00:00:00 - Rule #114: '<* l $)' accepted as '<*l$)'
0:00:00:00 - Rule #115: '<* l $*' accepted as '<*l$*'
0:00:00:00 - Rule #116: '<* l $+' accepted as '<*l$+'
0:00:00:00 - Rule #117: '<* l $,' accepted as '<*l$,'
0:00:00:00 - Rule #118: '<* l $-' accepted as '<*l$-'
0:00:00:00 - Rule #119: '<* l $.' accepted as '<*l$.'
0:00:00:00 - Rule #120: '<* l $/' accepted as '<*l$/'
0:00:00:00 - Rule #121: '<* l $:' accepted as '<*l$:'
0:00:00:00 - Rule #122: '<* l $;' accepted as '<*l$;'
0:00:00:00 - Rule #123: '<* l $<' accepted as '<*l$<'
0:00:00:00 - Rule #124: '<* l $=' accepted as '<*l$='
0:00:00:00 - Rule #125: '<* l $>' accepted as '<*l$>'
0:00:00:00 - Rule #126: '<* l $?' accepted as '<*l$?'
0:00:00:00 - Rule #127: '<* l $@' accepted as '<*l$@'
0:00:00:00 - Rule #128: '<* l $[' accepted as '<*l$['
0:00:00:00 - Rule #129: '<* l $\' accepted as '<*l$\'
0:00:00:00 - Rule #130: '<* l $]' accepted as '<*l$]'
0:00:00:00 - Rule #131: '<* l $^' accepted as '<*l$^'
0:00:00:00 - Rule #132: '<* l $_' accepted as '<*l$_'
0:00:00:00 - Rule #133: '<* l $`' accepted as '<*l$`'
0:00:00:00 - Rule #134: '<* l ${' accepted as '<*l${'
0:00:00:00 - Rule #135: '<* l $|' accepted as '<*l$|'
0:00:00:00 - Rule #136: '<* l $}' accepted as '<*l$}'
0:00:00:00 - Rule #137: '<* l $~' accepted as '<*l$~'
0:00:00:00 - Rule #138: '-c <* (?a c $1' accepted as '<*(?ac$1'
0:00:00:00 - Rule #139: '-c <* (?a c $2' accepted as '<*(?ac$2'
0:00:00:00 - Rule #140: '-c <* (?a c $3' accepted as '<*(?ac$3'
0:00:00:00 - Rule #141: '-c <* (?a c $4' accepted as '<*(?ac$4'
0:00:00:00 - Rule #142: '-c <* (?a c $5' accepted as '<*(?ac$5'
0:00:00:00 - Rule #143: '-c <* (?a c $6' accepted as '<*(?ac$6'
0:00:00:00 - Rule #144: '-c <* (?a c $7' accepted as '<*(?ac$7'
0:00:00:00 - Rule #145: '-c <* (?a c $8' accepted as '<*(?ac$8'
0:00:00:00 - Rule #146: '-c <* (?a c $9' accepted as '<*(?ac$9'
0:00:00:00 - Rule #147: '-c <* (?a c $!' accepted as '<*(?ac$!'
0:00:00:00 - Rule #148: '-c <* (?a c $0' accepted as '<*(?ac$0'
0:00:00:00 - Rule #149: '-c <* (?a c $a' accepted as '<*(?ac$a'
0:00:00:00 - Rule #150: '-c <* (?a c $b' accepted as '<*(?ac$b'
0:00:00:00 - Rule #151: '-c <* (?a c $c' accepted as '<*(?ac$c'
0:00:00:00 - Rule #152: '-c <* (?a c $d' accepted as '<*(?ac$d'
0:00:00:00 - Rule #153: '-c <* (?a c $e' accepted as '<*(?ac$e'
0:00:00:00 - Rule #154: '-c <* (?a c $f' accepted as '<*(?ac$f'
0:00:00:00 - Rule #155: '-c <* (?a c $g' accepted as '<*(?ac$g'
0:00:00:00 - Rule #156: '-c <* (?a c $h' accepted as '<*(?ac$h'
0:00:00:00 - Rule #157: '-c <* (?a c $i' accepted as '<*(?ac$i'
0:00:00:00 - Rule #158: '-c <* (?a c $j' accepted as '<*(?ac$j'
0:00:00:00 - Rule #159: '-c <* (?a c $k' accepted as '<*(?ac$k'
0:00:00:00 - Rule #160: '-c <* (?a c $l' accepted as '<*(?ac$l'
0:00:00:00 - Rule #161: '-c <* (?a c $m' accepted as '<*(?ac$m'
0:00:00:00 - Rule #162: '-c <* (?a c $n' accepted as '<*(?ac$n'
0:00:00:00 - Rule #163: '-c <* (?a c $o' accepted as '<*(?ac$o'
0:00:00:00 - Rule #164: '-c <* (?a c $p' accepted as '<*(?ac$p'
0:00:00:00 - Rule #165: '-c <* (?a c $q' accepted as '<*(?ac$q'
0:00:00:00 - Rule #166: '-c <* (?a c $r' accepted as '<*(?ac$r'
0:00:00:00 - Rule #167: '-c <* (?a c $t' accepted as '<*(?ac$t'
0:00:00:00 - Rule #168: '-c <* (?a c $u' accepted as '<*(?ac$u'
0:00:00:00 - Rule #169: '-c <* (?a c $v' accepted as '<*(?ac$v'
0:00:00:00 - Rule #170: '-c <* (?a c $w' accepted as '<*(?ac$w'
0:00:00:00 - Rule #171: '-c <* (?a c $x' accepted as '<*(?ac$x'
0:00:00:00 - Rule #172: '-c <* (?a c $y' accepted as '<*(?ac$y'
0:00:00:00 - Rule #173: '-c <* (?a c $z' accepted as '<*(?ac$z'
0:00:00:00 - Rule #174: '-c <* (?a c $"' accepted as '<*(?ac$"'
0:00:00:00 - Rule #175: '-c <* (?a c $#' accepted as '<*(?ac$#'
0:00:00:00 - Rule #176: '-c <* (?a c $$' accepted as '<*(?ac$$'
0:00:00:00 - Rule #177: '-c <* (?a c $%' accepted as '<*(?ac$%'
0:00:00:00 - Oldest still in use is now rule #176
0:00:00:00 - Rule #178: '-c <* (?a c $&' accepted as '<*(?ac$&'
0:00:00:00 - Rule #179: '-c <* (?a c $'' accepted as '<*(?ac$''
0:00:00:00 - Rule #180: '-c <* (?a c $(' accepted as '<*(?ac$('
0:00:00:00 - Rule #181: '-c <* (?a c $)' accepted as '<*(?ac$)'
0:00:00:00 - Rule #182: '-c <* (?a c $*' accepted as '<*(?ac$*'
0:00:00:00 - Rule #183: '-c <* (?a c $+' accepted as '<*(?ac$+'
0:00:00:00 - Rule #184: '-c <* (?a c $,' accepted as '<*(?ac$,'
0:00:00:00 - Rule #185: '-c <* (?a c $-' accepted as '<*(?ac$-'
0:00:00:00 - Rule #186: '-c <* (?a c $.' accepted as '<*(?ac$.'
0:00:00:00 - Rule #187: '-c <* (?a c $/' accepted as '<*(?ac$/'
0:00:00:00 - Rule #188: '-c <* (?a c $:' accepted as '<*(?ac$:'
0:00:00:00 - Rule #189: '-c <* (?a c $;' accepted as '<*(?ac$;'
0:00:00:00 - Rule #190: '-c <* (?a c $<' accepted as '<*(?ac$<'
0:00:00:00 - Rule #191: '-c <* (?a c $=' accepted as '<*(?ac$='
0:00:00:00 - Rule #192: '-c <* (?a c $>' accepted as '<*(?ac$>'
0:00:00:00 - Rule #193: '-c <* (?a c $?' accepted as '<*(?ac$?'
0:00:00:00 - Rule #194: '-c <* (?a c $@' accepted as '<*(?ac$@'
0:00:00:00 - Rule #195: '-c <* (?a c $[' accepted as '<*(?ac$['
0:00:00:00 - Rule #196: '-c <* (?a c $\' accepted as '<*(?ac$\'
0:00:00:00 - Rule #197: '-c <* (?a c $]' accepted as '<*(?ac$]'
0:00:00:00 - Rule #198: '-c <* (?a c $^' accepted as '<*(?ac$^'
0:00:00:00 - Rule #199: '-c <* (?a c $_' accepted as '<*(?ac$_'
0:00:00:00 - Rule #200: '-c <* (?a c $`' accepted as '<*(?ac$`'
0:00:00:00 - Rule #201: '-c <* (?a c ${' accepted as '<*(?ac${'
0:00:00:00 - Rule #202: '-c <* (?a c $|' accepted as '<*(?ac$|'
0:00:00:00 - Rule #203: '-c <* (?a c $}' accepted as '<*(?ac$}'
0:00:00:00 - Rule #204: '-c <* (?a c $~' accepted as '<*(?ac$~'
0:00:00:00 - Rule #205: '-: <* !?A (?z l $s M 'l p Q X0z0 'l $s' accepted as '<*!?A(?zl$sM'lpQX0z0'l$s'
0:00:00:00 - Rule #206: '-c <* !?A (?a c $s M 'l p Q X0z0 'l $s' accepted as '<*!?A(?ac$sM'lpQX0z0'l$s'
0:00:00:00 - Rule #207: '-: <* /?A (?z l $s' accepted as '<*/?A(?zl$s'
0:00:00:00 - Rule #208: '-c <* /?A (?a c $s' accepted as '<*/?A(?ac$s'
0:00:00:00 - Rule #209: '<* l r $1' accepted as '<*lr$1'
0:00:00:00 - Rule #210: '<* l r $2' accepted as '<*lr$2'
0:00:00:00 - Rule #211: '<* l r $3' accepted as '<*lr$3'
0:00:00:00 - Rule #212: '<* l r $4' accepted as '<*lr$4'
0:00:00:00 - Rule #213: '<* l r $5' accepted as '<*lr$5'
0:00:00:00 - Rule #214: '<* l r $6' accepted as '<*lr$6'
0:00:00:00 - Rule #215: '<* l r $7' accepted as '<*lr$7'
0:00:00:00 - Rule #216: '<* l r $8' accepted as '<*lr$8'
0:00:00:00 - Rule #217: '<* l r $9' accepted as '<*lr$9'
0:00:00:00 - Rule #218: '<* l r $!' accepted as '<*lr$!'
0:00:00:00 - Rule #219: '-c <* /?a u $1' accepted as '<*/?au$1'
0:00:00:00 - Rule #220: '-c <* /?a u $2' accepted as '<*/?au$2'
0:00:00:00 - Rule #221: '-c <* /?a u $3' accepted as '<*/?au$3'
0:00:00:00 - Rule #222: '-c <* /?a u $4' accepted as '<*/?au$4'
0:00:00:00 - Rule #223: '-c <* /?a u $5' accepted as '<*/?au$5'
0:00:00:00 - Rule #224: '-c <* /?a u $6' accepted as '<*/?au$6'
0:00:00:00 - Rule #225: '-c <* /?a u $7' accepted as '<*/?au$7'
0:00:00:00 - Rule #226: '-c <* /?a u $8' accepted as '<*/?au$8'
0:00:00:00 - Rule #227: '-c <* /?a u $9' accepted as '<*/?au$9'
0:00:00:00 - Rule #228: '-c <* /?a u $!' accepted as '<*/?au$!'
0:00:00:00 - Rule #229: '-: <- (?z l Az"'s"' accepted as '<-(?zlAz"'s"'
0:00:00:00 - Rule #230: '-c <- (?a c Az"'s"' accepted as '<-(?acAz"'s"'
0:00:00:00 - Rule #231: '-: <- (?z l Az"!!"' accepted as '<-(?zlAz"!!"'
0:00:00:00 - Rule #232: '-c <- (?a c Az"!!"' accepted as '<-(?acAz"!!"'
0:00:00:00 - Rule #233: '-: (?z l $! <- Az"!!"' accepted as '(?zl$!<-Az"!!"'
0:00:00:00 - Rule #234: '-c (?a c $! <- Az"!!"' accepted as '(?ac$!<-Az"!!"'
0:00:00:00 - Rule #235: '-: /?v @?v >2 (?z l' accepted as '/?v@?v>2(?zl'
0:00:00:00 - Rule #236: '-c /?v @?v >2 (?a c' accepted as '/?v@?v>2(?ac'
0:00:00:00 - Rule #237: '/?v @?v >2 <* d' accepted as '/?v@?v>2<*d'
0:00:00:00 - Rule #238: '<* l P' accepted as '<*lP'
0:00:00:00 - Rule #239: '<* l I' accepted as '<*lI'
0:00:00:00 - Rule #240: '-c <* l P (?a c' accepted as '<*lP(?ac'
0:00:00:00 - Rule #241: '-c <* l I (?a c' accepted as '<*lI(?ac'
0:00:00:00 - Rule #242: '-: <* (?z l )y omi $e' accepted as '<*(?zl)yomi$e'
0:00:00:00 - Rule #243: '-c <* (?a c )y omi $e' accepted as '<*(?ac)yomi$e'
0:00:00:00 - Rule #244: '-: <* (?z l )e ] )i val1 oay' accepted as '<*(?zl)e])ival1oay'
0:00:00:00 - Rule #245: '-c <* (?a c )e ] )i val1 oay' accepted as '<*(?ac)e])ival1oay'
0:00:00:00 - Rule #246: '-: l /a sa4 (?z :' accepted as 'l/asa4(?z'
0:00:00:00 - Rule #247: '-: l /e se3 (?z :' accepted as 'l/ese3(?z'
0:00:00:00 - Rule #248: '-: l /l sl1 (?z :' accepted as 'l/lsl1(?z'
0:00:00:00 - Rule #249: '-: l /o so0 (?z :' accepted as 'l/oso0(?z'
0:00:00:00 - Rule #250: '-: l /s ss$ (?z :' accepted as 'l/sss$(?z'
0:00:00:00 - Rule #251: '-c l /a sa4 (?a c' accepted as 'l/asa4(?ac'
0:00:00:00 - Rule #252: '-c l /e se3 (?a c' accepted as 'l/ese3(?ac'
0:00:00:00 - Rule #253: '-c l /l sl1 (?a c' accepted as 'l/lsl1(?ac'
0:00:00:00 - Rule #254: '-c l /o so0 (?a c' accepted as 'l/oso0(?ac'
0:00:00:00 - Rule #255: '-c l /s ss$ (?a c' accepted as 'l/sss$(?ac'
0:00:00:00 - Rule #256: '-: l /a /e sa4 se3 (?z :' accepted as 'l/a/esa4se3(?z'
0:00:00:00 - Rule #257: '-: l /a /l sa4 sl1 (?z :' accepted as 'l/a/lsa4sl1(?z'
0:00:00:00 - Rule #258: '-: l /a /o sa4 so0 (?z :' accepted as 'l/a/osa4so0(?z'
0:00:00:00 - Rule #259: '-: l /a /s sa4 ss$ (?z :' accepted as 'l/a/ssa4ss$(?z'
0:00:00:00 - Rule #260: '-c l /a /e sa4 se3 (?a c' accepted as 'l/a/esa4se3(?ac'
0:00:00:00 - Rule #261: '-c l /a /l sa4 sl1 (?a c' accepted as 'l/a/lsa4sl1(?ac'
0:00:00:00 - Rule #262: '-c l /a /o sa4 so0 (?a c' accepted as 'l/a/osa4so0(?ac'
0:00:00:00 - Rule #263: '-c l /a /s sa4 ss$ (?a c' accepted as 'l/a/ssa4ss$(?ac'
0:00:00:00 - Rule #264: '-: l /e /l se3 sl1 (?z :' accepted as 'l/e/lse3sl1(?z'
0:00:00:00 - Rule #265: '-: l /e /o se3 so0 (?z :' accepted as 'l/e/ose3so0(?z'
0:00:00:00 - Rule #266: '-: l /e /s se3 ss$ (?z :' accepted as 'l/e/sse3ss$(?z'
0:00:00:00 - Rule #267: '-c l /e /l se3 sl1 (?a c' accepted as 'l/e/lse3sl1(?ac'
0:00:00:00 - Rule #268: '-c l /e /o se3 so0 (?a c' accepted as 'l/e/ose3so0(?ac'
0:00:00:00 - Rule #269: '-c l /e /s se3 ss$ (?a c' accepted as 'l/e/sse3ss$(?ac'
0:00:00:00 - Rule #270: '-: l /l /o sl1 so0 (?z :' accepted as 'l/l/osl1so0(?z'
0:00:00:00 - Rule #271: '-: l /l /s sl1 ss$ (?z :' accepted as 'l/l/ssl1ss$(?z'
0:00:00:00 - Rule #272: '-c l /l /o sl1 so0 (?a c' accepted as 'l/l/osl1so0(?ac'
0:00:00:00 - Rule #273: '-c l /l /s sl1 ss$ (?a c' accepted as 'l/l/ssl1ss$(?ac'
0:00:00:00 - Rule #274: '-: l /o /s so0 ss$ (?z :' accepted as 'l/o/sso0ss$(?z'
0:00:00:00 - Rule #275: '-c l /o /s so0 ss$ (?a c' accepted as 'l/o/sso0ss$(?ac'
0:00:00:00 - Rule #276: '-: l /a /e /l sa4 se3 sl1 (?z :' accepted as 'l/a/e/lsa4se3sl1(?z'
0:00:00:00 - Rule #277: '-: l /a /e /o sa4 se3 so0 (?z :' accepted as 'l/a/e/osa4se3so0(?z'
0:00:00:00 - Rule #278: '-: l /a /e /s sa4 se3 ss$ (?z :' accepted as 'l/a/e/ssa4se3ss$(?z'
0:00:00:00 - Rule #279: '-c l /a /e /l sa4 se3 sl1 (?a c' accepted as 'l/a/e/lsa4se3sl1(?ac'
0:00:00:00 - Rule #280: '-c l /a /e /o sa4 se3 so0 (?a c' accepted as 'l/a/e/osa4se3so0(?ac'
0:00:00:00 - Rule #281: '-c l /a /e /s sa4 se3 ss$ (?a c' accepted as 'l/a/e/ssa4se3ss$(?ac'
0:00:00:00 - Rule #282: '-: l /a /l /o sa4 sl1 so0 (?z :' accepted as 'l/a/l/osa4sl1so0(?z'
0:00:00:00 - Rule #283: '-: l /a /l /s sa4 sl1 ss$ (?z :' accepted as 'l/a/l/ssa4sl1ss$(?z'
0:00:00:00 - Rule #284: '-c l /a /l /o sa4 sl1 so0 (?a c' accepted as 'l/a/l/osa4sl1so0(?ac'
0:00:00:00 - Rule #285: '-c l /a /l /s sa4 sl1 ss$ (?a c' accepted as 'l/a/l/ssa4sl1ss$(?ac'
0:00:00:00 - Rule #286: '-: l /a /o /s sa4 so0 ss$ (?z :' accepted as 'l/a/o/ssa4so0ss$(?z'
0:00:00:00 - Rule #287: '-c l /a /o /s sa4 so0 ss$ (?a c' accepted as 'l/a/o/ssa4so0ss$(?ac'
0:00:00:00 - Rule #288: '-: l /e /l /o se3 sl1 so0 (?z :' accepted as 'l/e/l/ose3sl1so0(?z'
0:00:00:00 - Rule #289: '-: l /e /l /s se3 sl1 ss$ (?z :' accepted as 'l/e/l/sse3sl1ss$(?z'
0:00:00:00 - Rule #290: '-c l /e /l /o se3 sl1 so0 (?a c' accepted as 'l/e/l/ose3sl1so0(?ac'
0:00:00:00 - Rule #291: '-c l /e /l /s se3 sl1 ss$ (?a c' accepted as 'l/e/l/sse3sl1ss$(?ac'
0:00:00:00 - Rule #292: '-: l /e /o /s se3 so0 ss$ (?z :' accepted as 'l/e/o/sse3so0ss$(?z'
0:00:00:00 - Rule #293: '-: l /l /o /s sl1 so0 ss$ (?z :' accepted as 'l/l/o/ssl1so0ss$(?z'
0:00:00:00 - Rule #294: '-c l /e /o /s se3 so0 ss$ (?a c' accepted as 'l/e/o/sse3so0ss$(?ac'
0:00:00:00 - Rule #295: '-c l /l /o /s sl1 so0 ss$ (?a c' accepted as 'l/l/o/ssl1so0ss$(?ac'
0:00:00:00 - Rule #296: '-: l /a /e /l /o sa4 se3 sl1 so0 (?z :' accepted as 'l/a/e/l/osa4se3sl1so0(?z'
0:00:00:00 - Rule #297: '-: l /a /e /l /s sa4 se3 sl1 ss$ (?z :' accepted as 'l/a/e/l/ssa4se3sl1ss$(?z'
0:00:00:00 - Rule #298: '-c l /a /e /l /o sa4 se3 sl1 so0 (?a c' accepted as 'l/a/e/l/osa4se3sl1so0(?ac'
0:00:00:00 - Rule #299: '-c l /a /e /l /s sa4 se3 sl1 ss$ (?a c' accepted as 'l/a/e/l/ssa4se3sl1ss$(?ac'
0:00:00:00 - Rule #300: '-: l /a /e /o /s sa4 se3 so0 ss$ (?z :' accepted as 'l/a/e/o/ssa4se3so0ss$(?z'
0:00:00:00 - Rule #301: '-: l /a /l /o /s sa4 sl1 so0 ss$ (?z :' accepted as 'l/a/l/o/ssa4sl1so0ss$(?z'
0:00:00:00 - Rule #302: '-c l /a /e /o /s sa4 se3 so0 ss$ (?a c' accepted as 'l/a/e/o/ssa4se3so0ss$(?ac'
0:00:00:00 - Rule #303: '-c l /a /l /o /s sa4 sl1 so0 ss$ (?a c' accepted as 'l/a/l/o/ssa4sl1so0ss$(?ac'
0:00:00:00 - Rule #304: '-: l /e /l /o /s se3 sl1 so0 ss$ (?z :' accepted as 'l/e/l/o/sse3sl1so0ss$(?z'
0:00:00:00 - Rule #305: '-c l /e /l /o /s se3 sl1 so0 ss$ (?a c' accepted as 'l/e/l/o/sse3sl1so0ss$(?ac'
0:00:00:00 - Rule #306: '-: l /a /e /l /o /s sa4 se3 sl1 so0 ss$ (?z :' accepted as 'l/a/e/l/o/ssa4se3sl1so0ss$(?z'
0:00:00:00 - Rule #307: '-c l /a /e /l /o /s sa4 se3 sl1 so0 ss$ (?a c' accepted as 'l/a/e/l/o/ssa4se3sl1so0ss$(?ac'
0:00:00:00 - Rule #308: 'l ^1' accepted as 'l^1'
0:00:00:00 - Rule #309: 'l ^a' accepted as 'l^a'
0:00:00:00 - Rule #310: 'l ^b' accepted as 'l^b'
0:00:00:00 - Rule #311: 'l ^c' accepted as 'l^c'
0:00:00:00 - Rule #312: 'l ^d' accepted as 'l^d'
0:00:00:00 - Rule #313: 'l ^e' accepted as 'l^e'
0:00:00:00 - Rule #314: 'l ^f' accepted as 'l^f'
0:00:00:00 - Rule #315: 'l ^g' accepted as 'l^g'
0:00:00:00 - Rule #316: 'l ^h' accepted as 'l^h'
0:00:00:00 - Rule #317: 'l ^i' accepted as 'l^i'
0:00:00:00 - Rule #318: 'l ^j' accepted as 'l^j'
0:00:00:00 - Rule #319: 'l ^k' accepted as 'l^k'
0:00:00:00 - Rule #320: 'l ^l' accepted as 'l^l'
0:00:00:00 - Rule #321: 'l ^m' accepted as 'l^m'
0:00:00:00 - Rule #322: 'l ^n' accepted as 'l^n'
0:00:00:00 - Rule #323: 'l ^o' accepted as 'l^o'
0:00:00:00 - Rule #324: 'l ^p' accepted as 'l^p'
0:00:00:00 - Rule #325: 'l ^q' accepted as 'l^q'
0:00:00:00 - Rule #326: 'l ^r' accepted as 'l^r'
0:00:00:00 - Rule #327: 'l ^s' accepted as 'l^s'
0:00:00:00 - Rule #328: 'l ^t' accepted as 'l^t'
0:00:00:00 - Rule #329: 'l ^u' accepted as 'l^u'
0:00:00:00 - Rule #330: 'l ^v' accepted as 'l^v'
0:00:00:00 - Rule #331: 'l ^w' accepted as 'l^w'
0:00:00:00 - Rule #332: 'l ^x' accepted as 'l^x'
0:00:00:00 - Rule #333: 'l ^y' accepted as 'l^y'
0:00:00:00 - Rule #334: 'l ^z' accepted as 'l^z'
0:00:00:00 - Rule #335: 'l ^2' accepted as 'l^2'
0:00:00:00 - Rule #336: 'l ^3' accepted as 'l^3'
0:00:00:00 - Rule #337: 'l ^4' accepted as 'l^4'
0:00:00:00 - Rule #338: 'l ^5' accepted as 'l^5'
0:00:00:00 - Rule #339: 'l ^6' accepted as 'l^6'
0:00:00:00 - Rule #340: 'l ^7' accepted as 'l^7'
0:00:00:00 - Rule #341: 'l ^8' accepted as 'l^8'
0:00:00:00 - Rule #342: 'l ^9' accepted as 'l^9'
0:00:00:00 - Rule #343: 'l ^0' accepted as 'l^0'
0:00:00:00 - Rule #344: '-c l Q ^A' accepted as 'lQ^A'
0:00:00:00 - Rule #345: '-c l Q ^B' accepted as 'lQ^B'
0:00:00:00 - Rule #346: '-c l Q ^C' accepted as 'lQ^C'
0:00:00:00 - Rule #347: '-c l Q ^D' accepted as 'lQ^D'
0:00:00:00 - Rule #348: '-c l Q ^E' accepted as 'lQ^E'
0:00:00:00 - Rule #349: '-c l Q ^F' accepted as 'lQ^F'
0:00:00:00 - Rule #350: '-c l Q ^G' accepted as 'lQ^G'
0:00:00:00 - Rule #351: '-c l Q ^H' accepted as 'lQ^H'
0:00:00:00 - Rule #352: '-c l Q ^I' accepted as 'lQ^I'
0:00:00:00 - Rule #353: '-c l Q ^J' accepted as 'lQ^J'
0:00:00:00 - Rule #354: '-c l Q ^K' accepted as 'lQ^K'
0:00:00:00 - Rule #355: '-c l Q ^L' accepted as 'lQ^L'
0:00:00:00 - Rule #356: '-c l Q ^M' accepted as 'lQ^M'
0:00:00:00 - Rule #357: '-c l Q ^N' accepted as 'lQ^N'
0:00:00:00 - Rule #358: '-c l Q ^O' accepted as 'lQ^O'
0:00:00:00 - Rule #359: '-c l Q ^P' accepted as 'lQ^P'
0:00:00:00 - Rule #360: '-c l Q ^Q' accepted as 'lQ^Q'
0:00:00:00 - Rule #361: '-c l Q ^R' accepted as 'lQ^R'
0:00:00:00 - Rule #362: '-c l Q ^S' accepted as 'lQ^S'
0:00:00:00 - Rule #363: '-c l Q ^T' accepted as 'lQ^T'
0:00:00:00 - Rule #364: '-c l Q ^U' accepted as 'lQ^U'
0:00:00:00 - Rule #365: '-c l Q ^V' accepted as 'lQ^V'
0:00:00:00 - Rule #366: '-c l Q ^W' accepted as 'lQ^W'
0:00:00:00 - Rule #367: '-c l Q ^X' accepted as 'lQ^X'
0:00:00:00 - Rule #368: '-c l Q ^Y' accepted as 'lQ^Y'
0:00:00:00 - Rule #369: '-c l Q ^Z' accepted as 'lQ^Z'
0:00:00:00 - Rule #370: '^A' accepted
0:00:00:00 - Rule #371: '^B' accepted
0:00:00:00 - Rule #372: '^C' accepted
0:00:00:00 - Rule #373: '^D' accepted
0:00:00:00 - Rule #374: '^E' accepted
0:00:00:00 - Rule #375: '^F' accepted
0:00:00:00 - Rule #376: '^G' accepted
0:00:00:00 - Rule #377: '^H' accepted
0:00:00:00 - Rule #378: '^I' accepted
0:00:00:00 - Rule #379: '^J' accepted
0:00:00:00 - Rule #380: '^K' accepted
0:00:00:00 - Rule #381: '^L' accepted
0:00:00:00 - Rule #382: '^M' accepted
0:00:00:00 - Rule #383: '^N' accepted
0:00:00:00 - Rule #384: '^O' accepted
0:00:00:00 - Rule #385: '^P' accepted
0:00:00:00 - Rule #386: '^Q' accepted
0:00:00:00 - Rule #387: '^R' accepted
0:00:00:00 - Rule #388: '^S' accepted
0:00:00:00 - Rule #389: '^T' accepted
0:00:00:00 - Rule #390: '^U' accepted
0:00:00:00 - Rule #391: '^V' accepted
0:00:00:00 - Rule #392: '^W' accepted
0:00:00:00 - Rule #393: '^X' accepted
0:00:00:00 - Rule #394: '^Y' accepted
0:00:00:00 - Rule #395: '^Z' accepted
0:00:00:00 - Oldest still in use is now rule #394
0:00:00:00 - Rule #396: 'l ^"' accepted as 'l^"'
0:00:00:00 - Rule #397: 'l ^#' accepted as 'l^#'
0:00:00:00 - Rule #398: 'l ^$' accepted as 'l^$'
0:00:00:00 - Rule #399: 'l ^%' accepted as 'l^%'
0:00:00:00 - Rule #400: 'l ^&' accepted as 'l^&'
0:00:00:00 - Rule #401: 'l ^'' accepted as 'l^''
0:00:00:00 - Rule #402: 'l ^(' accepted as 'l^('
0:00:00:00 - Rule #403: 'l ^)' accepted as 'l^)'
0:00:00:00 - Rule #404: 'l ^*' accepted as 'l^*'
0:00:00:00 - Rule #405: 'l ^+' accepted as 'l^+'
0:00:00:00 - Rule #406: 'l ^,' accepted as 'l^,'
0:00:00:00 - Rule #407: 'l ^-' accepted as 'l^-'
0:00:00:00 - Rule #408: 'l ^.' accepted as 'l^.'
0:00:00:00 - Rule #409: 'l ^/' accepted as 'l^/'
0:00:00:00 - Rule #410: 'l ^:' accepted as 'l^:'
0:00:00:00 - Rule #411: 'l ^;' accepted as 'l^;'
0:00:00:00 - Rule #412: 'l ^<' accepted as 'l^<'
0:00:00:00 - Rule #413: 'l ^=' accepted as 'l^='
0:00:00:00 - Rule #414: 'l ^>' accepted as 'l^>'
0:00:00:00 - Rule #415: 'l ^?' accepted as 'l^?'
0:00:00:00 - Rule #416: 'l ^@' accepted as 'l^@'
0:00:00:00 - Rule #417: 'l ^[' accepted as 'l^['
0:00:00:00 - Rule #418: 'l ^\' accepted as 'l^\'
0:00:00:00 - Rule #419: 'l ^]' accepted as 'l^]'
0:00:00:00 - Rule #420: 'l ^^' accepted as 'l^^'
0:00:00:00 - Rule #421: 'l ^_' accepted as 'l^_'
0:00:00:00 - Rule #422: 'l ^`' accepted as 'l^`'
0:00:00:00 - Rule #423: 'l ^{' accepted as 'l^{'
0:00:00:00 - Rule #424: 'l ^|' accepted as 'l^|'
0:00:00:00 - Rule #425: 'l ^}' accepted as 'l^}'
0:00:00:00 - Rule #426: 'l ^~' accepted as 'l^~'
0:00:00:00 - Rule #427: '-: <9 (?a l A0"the"' accepted as '<9(?alA0"the"'
0:00:00:00 - Rule #428: '-: <9 (?a l A0"The"' accepted as '<9(?alA0"The"'
0:00:00:00 - Rule #429: '-c <9 (?a c A0"the"' accepted as '<9(?acA0"the"'
0:00:00:00 - Rule #430: '-c <9 (?a c A0"The"' accepted as '<9(?acA0"The"'
0:00:00:00 - Rule #431: '-: <9 (?a l A0"amy"' accepted as '<9(?alA0"amy"'
0:00:00:00 - Rule #432: '-: <9 (?a l A0"Amy"' accepted as '<9(?alA0"Amy"'
0:00:00:00 - Rule #433: '-c <9 (?a c A0"amy"' accepted as '<9(?acA0"amy"'
0:00:00:00 - Rule #434: '-c <9 (?a c A0"Amy"' accepted as '<9(?acA0"Amy"'
0:00:00:00 - Rule #435: '-: <9 (?a l A0"mr"' accepted as '<9(?alA0"mr"'
0:00:00:00 - Rule #436: '-: <9 (?a l A0"dr"' accepted as '<9(?alA0"dr"'
0:00:00:00 - Rule #437: '-: <9 (?a l A0"Mr"' accepted as '<9(?alA0"Mr"'
0:00:00:00 - Rule #438: '-: <9 (?a l A0"Dr"' accepted as '<9(?alA0"Dr"'
0:00:00:00 - Rule #439: '-c <9 (?a c A0"mr"' accepted as '<9(?acA0"mr"'
0:00:00:00 - Rule #440: '-c <9 (?a c A0"dr"' accepted as '<9(?acA0"dr"'
0:00:00:00 - Rule #441: '-c <9 (?a c A0"Mr"' accepted as '<9(?acA0"Mr"'
0:00:00:00 - Rule #442: '-c <9 (?a c A0"Dr"' accepted as '<9(?acA0"Dr"'
0:00:00:00 - Rule #443: '-: <9 (?a l A0"mr."' accepted as '<9(?alA0"mr."'
0:00:00:00 - Rule #444: '-: <9 (?a l A0"dr."' accepted as '<9(?alA0"dr."'
0:00:00:00 - Rule #445: '-: <9 (?a l A0"Mr."' accepted as '<9(?alA0"Mr."'
0:00:00:00 - Rule #446: '-: <9 (?a l A0"Dr."' accepted as '<9(?alA0"Dr."'
0:00:00:00 - Rule #447: '-c <9 (?a c A0"mr."' accepted as '<9(?acA0"mr."'
0:00:00:00 - Rule #448: '-c <9 (?a c A0"dr."' accepted as '<9(?acA0"dr."'
0:00:00:00 - Rule #449: '-c <9 (?a c A0"Mr."' accepted as '<9(?acA0"Mr."'
0:00:00:00 - Rule #450: '-c <9 (?a c A0"Dr."' accepted as '<9(?acA0"Dr."'
0:00:00:00 - Rule #451: '-: <9 (?a l A0"__"' accepted as '<9(?alA0"__"'
0:00:00:00 - Rule #452: '-c <9 (?a c A0"__"' accepted as '<9(?acA0"__"'
0:00:00:00 - Rule #453: '<- !?A l p ^2' accepted as '<-!?Alp^2'
0:00:00:00 - Rule #454: '<- !?A l p ^4' accepted as '<-!?Alp^4'
0:00:00:00 - Rule #455: '<- !?A l p ^0' accepted as '<-!?Alp^0'
0:00:00:00 - Rule #456: '<- !?A l p ^1' accepted as '<-!?Alp^1'
0:00:00:00 - Rule #457: '<- !?A l p ^3' accepted as '<-!?Alp^3'
0:00:00:00 - Rule #458: '<- !?A l p ^5' accepted as '<-!?Alp^5'
0:00:00:00 - Rule #459: '<- !?A l p ^6' accepted as '<-!?Alp^6'
0:00:00:00 - Rule #460: '<- !?A l p ^7' accepted as '<-!?Alp^7'
0:00:00:00 - Rule #461: '<- !?A l p ^8' accepted as '<-!?Alp^8'
0:00:00:00 - Rule #462: '<- !?A l p ^9' accepted as '<-!?Alp^9'
0:00:00:00 - Rule #463: '-p-c (?a 2 (?a c 1 c' accepted as '(?a2(?ac1c'
0:00:00:00 - Rule #464: '-p-c (?a 2 (?a c 1 l' accepted as '(?a2(?ac1l'
0:00:00:00 - Rule #465: '-p 1 <- $  + l' accepted as '1<-$ +l'
0:00:00:00 - Rule #466: '-p 1 <- $_ + l' accepted as '1<-$_+l'
0:00:00:00 - Rule #467: '-p 1 <- $- + l' accepted as '1<-$-+l'
0:00:00:00 - Rule #468: '-p-c 1 <- (?a c $  2 l' accepted as '1<-(?ac$ 2l'
0:00:00:00 - Rule #469: '-p-c 1 <- (?a c $_ 2 l' accepted as '1<-(?ac$_2l'
0:00:00:00 - Rule #470: '-p-c 1 <- (?a c $- 2 l' accepted as '1<-(?ac$-2l'
0:00:00:00 - Rule #471: '-p-c 1 <- l $  2 (?a c' accepted as '1<-l$ 2(?ac'
0:00:00:00 - Rule #472: '-p-c 1 <- l $_ 2 (?a c' accepted as '1<-l$_2(?ac'
0:00:00:00 - Rule #473: '-p-c 1 <- l $- 2 (?a c' accepted as '1<-l$-2(?ac'
0:00:00:00 - Rule #474: '-p-c 1 <- (?a c $  2 (?a c' accepted as '1<-(?ac$ 2(?ac'
0:00:00:00 - Rule #475: '-p-c 1 <- (?a c $_ 2 (?a c' accepted as '1<-(?ac$_2(?ac'
0:00:00:00 - Rule #476: '-p-c 1 <- (?a c $- 2 (?a c' accepted as '1<-(?ac$-2(?ac'
0:00:00:00 - Rule #477: '-p-c 1 u 2 l' accepted as '1u2l'
0:00:00:00 - Rule #478: '-p-: 1 r 2 l' accepted as '1r2l'
0:00:00:00 - Rule #479: '-p-c 2 (?a c 1 u' accepted as '2(?ac1u'
0:00:00:00 - Rule #480: '-p-c 2 (?a c 1 r' accepted as '2(?ac1r'
0:00:00:00 - Rule #481: '-p-c 1 l 2 u' accepted as '1l2u'
0:00:00:00 - Rule #482: '-p-: 1 l 2 r' accepted as '1l2r'
0:00:00:00 - Rule #483: '-p-c 1 (?a c 2 u' accepted as '1(?ac2u'
0:00:00:00 - Rule #484: '-p-c 1 (?a c 2 r' accepted as '1(?ac2r'
0:00:00:00 - Rule #485: '-: (?a l {' accepted as '(?al{'
0:00:00:00 - Rule #486: '-: (?a l }' accepted as '(?al}'
0:00:00:00 - Rule #487: '-c (?a c {' accepted as '(?ac{'
0:00:00:00 - Rule #488: '-c (?a c }' accepted as '(?ac}'
0:00:00:00 - Rule #489: '-: (?a l { {' accepted as '(?al{{'
0:00:00:00 - Rule #490: '-: (?a l } }' accepted as '(?al}}'
0:00:00:00 - Rule #491: '-c (?a c { {' accepted as '(?ac{{'
0:00:00:00 - Rule #492: '-c (?a c } }' accepted as '(?ac}}'
0:00:00:00 - Rule #493: '-c <+ )?u l Tm' accepted as '<+)?ulTm'
0:00:00:00 - Rule #494: '-c T0 Q M c Q l Q u Q C Q X0z0 'l' accepted as 'T0QMcQlQuQCQX0z0'l'
0:00:00:00 - Rule #495: '-c T1 Q M l Tm Q C Q u Q l Q c Q X0z0 'l' accepted as 'T1QMlTmQCQuQlQcQX0z0'l'
0:00:00:00 - Rule #496: '-c T2 Q M l Tm Q C Q u Q l Q c Q X0z0 'l' accepted as 'T2QMlTmQCQuQlQcQX0z0'l'
0:00:00:00 - Rule #497: '-c T3 Q M l Tm Q C Q u Q l Q c Q X0z0 'l' accepted as 'T3QMlTmQCQuQlQcQX0z0'l'
0:00:00:00 - Rule #498: '-c T4 Q M l Tm Q C Q u Q l Q c Q X0z0 'l' accepted as 'T4QMlTmQCQuQlQcQX0z0'l'
0:00:00:00 - Rule #499: '-c T5 Q M l Tm Q C Q u Q l Q c Q X0z0 'l' accepted as 'T5QMlTmQCQuQlQcQX0z0'l'
0:00:00:00 - Rule #500: '-c T6 Q M l Tm Q C Q u Q l Q c Q X0z0 'l' accepted as 'T6QMlTmQCQuQlQcQX0z0'l'
0:00:00:00 - Rule #501: '-c T7 Q M l Tm Q C Q u Q l Q c Q X0z0 'l' accepted as 'T7QMlTmQCQuQlQcQX0z0'l'
0:00:00:00 - Rule #502: '-c T8 Q M l Tm Q C Q u Q l Q c Q X0z0 'l' accepted as 'T8QMlTmQCQuQlQcQX0z0'l'
0:00:00:00 - Rule #503: '-c T9 Q M l Tm Q C Q u Q l Q c Q X0z0 'l' accepted as 'T9QMlTmQCQuQlQcQX0z0'l'
0:00:00:00 - Rule #504: '-c TA Q M l Tm Q C Q u Q l Q c Q X0z0 'l' accepted as 'TAQMlTmQCQuQlQcQX0z0'l'
0:00:00:00 - Rule #505: '-c TB Q M l Tm Q C Q u Q l Q c Q X0z0 'l' accepted as 'TBQMlTmQCQuQlQcQX0z0'l'
0:00:00:00 - Rule #506: '-c TC Q M l Tm Q C Q u Q l Q c Q X0z0 'l' accepted as 'TCQMlTmQCQuQlQcQX0z0'l'
0:00:00:00 - Rule #507: '-c TD Q M l Tm Q C Q u Q l Q c Q X0z0 'l' accepted as 'TDQMlTmQCQuQlQcQX0z0'l'
0:00:00:00 - Rule #508: '-c TE Q M l Tm Q C Q u Q l Q c Q X0z0 'l' accepted as 'TEQMlTmQCQuQlQcQX0z0'l'
0:00:00:00 - Rule #509: '-c l Q T1 Q M T1 Q l Tm Q C Q u Q X0z0 'l' accepted as 'lQT1QMT1QlTmQCQuQX0z0'l'
0:00:00:00 - Rule #510: '-c l Q T2 Q M T2 Q l Tm Q C Q u Q X0z0 'l' accepted as 'lQT2QMT2QlTmQCQuQX0z0'l'
0:00:00:00 - Rule #511: '-c l Q T3 Q M T3 Q l Tm Q C Q u Q X0z0 'l' accepted as 'lQT3QMT3QlTmQCQuQX0z0'l'
0:00:00:00 - Rule #512: '-c l Q T4 Q M T4 Q l Tm Q C Q u Q X0z0 'l' accepted as 'lQT4QMT4QlTmQCQuQX0z0'l'
0:00:00:00 - Rule #513: '-c l Q T5 Q M T5 Q l Tm Q C Q u Q X0z0 'l' accepted as 'lQT5QMT5QlTmQCQuQX0z0'l'
0:00:00:00 - Rule #514: '-c l Q T6 Q M T6 Q l Tm Q C Q u Q X0z0 'l' accepted as 'lQT6QMT6QlTmQCQuQX0z0'l'
0:00:00:00 - Rule #515: '-c l Q T7 Q M T7 Q l Tm Q C Q u Q X0z0 'l' accepted as 'lQT7QMT7QlTmQCQuQX0z0'l'
0:00:00:00 - Rule #516: '-c l Q T8 Q M T8 Q l Tm Q C Q u Q X0z0 'l' accepted as 'lQT8QMT8QlTmQCQuQX0z0'l'
0:00:00:00 - Rule #517: '-c l Q T9 Q M T9 Q l Tm Q C Q u Q X0z0 'l' accepted as 'lQT9QMT9QlTmQCQuQX0z0'l'
0:00:00:00 - Rule #518: '-c l Q TA Q M TA Q l Tm Q C Q u Q X0z0 'l' accepted as 'lQTAQMTAQlTmQCQuQX0z0'l'
0:00:00:00 - Rule #519: '-c l Q TB Q M TB Q l Tm Q C Q u Q X0z0 'l' accepted as 'lQTBQMTBQlTmQCQuQX0z0'l'
0:00:00:00 - Rule #520: '-c l Q TC Q M TC Q l Tm Q C Q u Q X0z0 'l' accepted as 'lQTCQMTCQlTmQCQuQX0z0'l'
0:00:00:00 - Rule #521: '-c l Q TD Q M TD Q l Tm Q C Q u Q X0z0 'l' accepted as 'lQTDQMTDQlTmQCQuQX0z0'l'
0:00:00:00 - Rule #522: '-c l Q TE Q M TE Q l Tm Q C Q u Q X0z0 'l' accepted as 'lQTEQMTEQlTmQCQuQX0z0'l'
0:00:00:00 - Rule #523: '-c >2 <G %2?a l T0 M T2 T4 T6 T8 TA TC TE Q M l Tm Q X0z0 'l' accepted as '>2<G%2?alT0MT2T4T6T8TATCTEQMlTmQX0z0'l'
0:00:00:00 - Rule #524: '-c >2 <G %2?a u T0 M T2 T4 T6 T8 TA TC TE Q M l Tm Q X0z0 'l' accepted as '>2<G%2?auT0MT2T4T6T8TATCTEQMlTmQX0z0'l'
0:00:00:00 - Rule #525: '-c >2 /?l /?u t Q M c Q C Q l Tm Q X0z0 'l' accepted as '>2/?l/?utQMcQCQlTmQX0z0'l'
0:00:00:00 - Rule #526: '>2 D1' accepted as '>2D1'
0:00:00:00 - Rule #527: '>3 D2' accepted as '>3D2'
0:00:00:00 - Rule #528: '>4 D3' accepted as '>4D3'
0:00:00:00 - Rule #529: '>5 D4' accepted as '>5D4'
0:00:00:00 - Rule #530: '>6 D5' accepted as '>6D5'
0:00:00:00 - Rule #531: '>7 D6' accepted as '>7D6'
0:00:00:00 - Rule #532: '>8 D7' accepted as '>8D7'
0:00:00:00 - Rule #533: '>8 D8' accepted as '>8D8'
0:00:00:00 - Rule #534: '>9 D9' accepted as '>9D9'
0:00:00:00 - Rule #535: '>A DA' accepted as '>ADA'
0:00:00:00 - Rule #536: '>B DB' accepted as '>BDB'
0:00:00:00 - Rule #537: '>C DC' accepted as '>CDC'
0:00:00:00 - Rule #538: '>D DD' accepted as '>DDD'
0:00:00:00 - Rule #539: '>E DE' accepted as '>EDE'
0:00:00:00 - Rule #540: '-c /?u >2 D1 l' accepted as '/?u>2D1l'
0:00:00:00 - Rule #541: '-c /?u >3 D2 l' accepted as '/?u>3D2l'
0:00:00:00 - Rule #542: '-c /?u >4 D3 l' accepted as '/?u>4D3l'
0:00:00:00 - Rule #543: '-c /?u >5 D4 l' accepted as '/?u>5D4l'
0:00:00:00 - Rule #544: '-c /?u >6 D5 l' accepted as '/?u>6D5l'
0:00:00:00 - Rule #545: '-c /?u >7 D6 l' accepted as '/?u>7D6l'
0:00:00:00 - Rule #546: '-c /?u >8 D7 l' accepted as '/?u>8D7l'
0:00:00:00 - Rule #547: '-c /?u >8 D8 l' accepted as '/?u>8D8l'
0:00:00:00 - Rule #548: '-c /?u >9 D9 l' accepted as '/?u>9D9l'
0:00:00:00 - Rule #549: '-c /?u >A DA l' accepted as '/?u>ADAl'
0:00:00:00 - Rule #550: '-c /?u >B DB l' accepted as '/?u>BDBl'
0:00:00:00 - Rule #551: '-c /?u >C DC l' accepted as '/?u>CDCl'
0:00:00:00 - Rule #552: '-c /?u >D DD l' accepted as '/?u>DDDl'
0:00:00:00 - Rule #553: '-c /?u >E DE l' accepted as '/?u>EDEl'
0:00:00:00 - Rule #554: '=1?a [ M c Q' accepted as '=1?a[McQ'
0:00:00:00 - Rule #555: '-c (?a >1 D1 c' accepted as '(?a>1D1c'
0:00:00:00 - Rule #556: '-c (?a >2 D2 c' accepted as '(?a>2D2c'
0:00:00:00 - Rule #557: '-c (?a >3 D3 c' accepted as '(?a>3D3c'
0:00:00:00 - Rule #558: '-c (?a >4 D4 c' accepted as '(?a>4D4c'
0:00:00:00 - Rule #559: '-c (?a >5 D5 c' accepted as '(?a>5D5c'
0:00:00:00 - Rule #560: '-c (?a >6 D6 c' accepted as '(?a>6D6c'
0:00:00:00 - Rule #561: '-c (?a >7 D7 c' accepted as '(?a>7D7c'
0:00:00:00 - Rule #562: '-c (?a >8 D8 c' accepted as '(?a>8D8c'
0:00:00:00 - Rule #563: '-c (?a >9 D9 c' accepted as '(?a>9D9c'
0:00:00:00 - Rule #564: '-c (?a >A DA c' accepted as '(?a>ADAc'
0:00:00:00 - Rule #565: '-c (?a >B DB c' accepted as '(?a>BDBc'
0:00:00:00 - Rule #566: '-c (?a >C DC c' accepted as '(?a>CDCc'
0:00:00:00 - Rule #567: '-c (?a >D DD c' accepted as '(?a>DDDc'
0:00:00:00 - Rule #568: '-c (?a >E DE c' accepted as '(?a>EDEc'
0:00:00:00 - Rule #569: '-: >3 (?a l i1.' accepted as '>3(?ali1.'
0:00:00:00 - Rule #570: '-: >3 (?a l i2.' accepted as '>3(?ali2.'
0:00:00:00 - Rule #571: '-c >3 (?a c i1.' accepted as '>3(?aci1.'
0:00:00:00 - Rule #572: '-c >3 (?a c i2.' accepted as '>3(?aci2.'
0:00:00:00 - Rule #573: '<- l Az"10"' accepted as '<-lAz"10"'
0:00:00:00 - Rule #574: '<- l Az"11"' accepted as '<-lAz"11"'
0:00:00:00 - Rule #575: '<- l Az"12"' accepted as '<-lAz"12"'
0:00:00:00 - Rule #576: '<- l Az"13"' accepted as '<-lAz"13"'
0:00:00:00 - Rule #577: '<- l Az"14"' accepted as '<-lAz"14"'
0:00:00:00 - Rule #578: '<- l Az"15"' accepted as '<-lAz"15"'
0:00:00:00 - Rule #579: '<- l Az"16"' accepted as '<-lAz"16"'
0:00:00:00 - Rule #580: '<- l Az"17"' accepted as '<-lAz"17"'
0:00:00:00 - Rule #581: '<- l Az"18"' accepted as '<-lAz"18"'
0:00:00:00 - Rule #582: '<- l Az"19"' accepted as '<-lAz"19"'
0:00:00:00 - Rule #583: '<- l Az"90"' accepted as '<-lAz"90"'
0:00:00:00 - Rule #584: '<- l Az"91"' accepted as '<-lAz"91"'
0:00:00:00 - Rule #585: '<- l Az"92"' accepted as '<-lAz"92"'
0:00:00:00 - Rule #586: '<- l Az"93"' accepted as '<-lAz"93"'
0:00:00:00 - Rule #587: '<- l Az"94"' accepted as '<-lAz"94"'
0:00:00:00 - Rule #588: '<- l Az"95"' accepted as '<-lAz"95"'
0:00:00:00 - Rule #589: '<- l Az"96"' accepted as '<-lAz"96"'
0:00:00:00 - Rule #590: '<- l Az"97"' accepted as '<-lAz"97"'
0:00:00:00 - Rule #591: '<- l Az"98"' accepted as '<-lAz"98"'
0:00:00:00 - Rule #592: '<- l Az"99"' accepted as '<-lAz"99"'
0:00:00:00 - Rule #593: '<- l Az"00"' accepted as '<-lAz"00"'
0:00:00:00 - Rule #594: '<- l Az"01"' accepted as '<-lAz"01"'
0:00:00:00 - Rule #595: '<- l Az"02"' accepted as '<-lAz"02"'
0:00:00:00 - Rule #596: '<- l Az"03"' accepted as '<-lAz"03"'
0:00:00:00 - Rule #597: '<- l Az"04"' accepted as '<-lAz"04"'
0:00:00:00 - Rule #598: '<- l Az"05"' accepted as '<-lAz"05"'
0:00:00:00 - Rule #599: '<- l Az"06"' accepted as '<-lAz"06"'
0:00:00:00 - Rule #600: '<- l Az"07"' accepted as '<-lAz"07"'
0:00:00:00 - Rule #601: '<- l Az"08"' accepted as '<-lAz"08"'
0:00:00:00 - Rule #602: '<- l Az"09"' accepted as '<-lAz"09"'
0:00:00:00 - Rule #603: '-c <- (?a c Az"10"' accepted as '<-(?acAz"10"'
0:00:00:00 - Rule #604: '-c <- (?a c Az"11"' accepted as '<-(?acAz"11"'
0:00:00:00 - Rule #605: '-c <- (?a c Az"12"' accepted as '<-(?acAz"12"'
0:00:00:00 - Rule #606: '-c <- (?a c Az"13"' accepted as '<-(?acAz"13"'
0:00:00:00 - Rule #607: '-c <- (?a c Az"14"' accepted as '<-(?acAz"14"'
0:00:00:00 - Rule #608: '-c <- (?a c Az"15"' accepted as '<-(?acAz"15"'
0:00:00:00 - Rule #609: '-c <- (?a c Az"16"' accepted as '<-(?acAz"16"'
0:00:00:00 - Rule #610: '-c <- (?a c Az"17"' accepted as '<-(?acAz"17"'
0:00:00:00 - Rule #611: '-c <- (?a c Az"18"' accepted as '<-(?acAz"18"'
0:00:00:00 - Rule #612: '-c <- (?a c Az"19"' accepted as '<-(?acAz"19"'
0:00:00:00 - Rule #613: '-c <- (?a c Az"90"' accepted as '<-(?acAz"90"'
0:00:00:00 - Rule #614: '-c <- (?a c Az"91"' accepted as '<-(?acAz"91"'
0:00:00:00 - Rule #615: '-c <- (?a c Az"92"' accepted as '<-(?acAz"92"'
0:00:00:00 - Rule #616: '-c <- (?a c Az"93"' accepted as '<-(?acAz"93"'
0:00:00:00 - Oldest still in use is now rule #615
0:00:00:00 - Rule #617: '-c <- (?a c Az"94"' accepted as '<-(?acAz"94"'
0:00:00:00 - Rule #618: '-c <- (?a c Az"95"' accepted as '<-(?acAz"95"'
0:00:00:00 - Rule #619: '-c <- (?a c Az"96"' accepted as '<-(?acAz"96"'
0:00:00:00 - Rule #620: '-c <- (?a c Az"97"' accepted as '<-(?acAz"97"'
0:00:00:00 - Rule #621: '-c <- (?a c Az"98"' accepted as '<-(?acAz"98"'
0:00:00:00 - Rule #622: '-c <- (?a c Az"99"' accepted as '<-(?acAz"99"'
0:00:00:00 - Rule #623: '-c <- (?a c Az"00"' accepted as '<-(?acAz"00"'
0:00:00:00 - Rule #624: '-c <- (?a c Az"01"' accepted as '<-(?acAz"01"'
0:00:00:00 - Rule #625: '-c <- (?a c Az"02"' accepted as '<-(?acAz"02"'
0:00:00:00 - Rule #626: '-c <- (?a c Az"03"' accepted as '<-(?acAz"03"'
0:00:00:00 - Rule #627: '-c <- (?a c Az"04"' accepted as '<-(?acAz"04"'
0:00:00:00 - Rule #628: '-c <- (?a c Az"05"' accepted as '<-(?acAz"05"'
0:00:00:00 - Rule #629: '-c <- (?a c Az"06"' accepted as '<-(?acAz"06"'
0:00:00:00 - Rule #630: '-c <- (?a c Az"07"' accepted as '<-(?acAz"07"'
0:00:00:00 - Rule #631: '-c <- (?a c Az"08"' accepted as '<-(?acAz"08"'
0:00:00:00 - Rule #632: '-c <- (?a c Az"09"' accepted as '<-(?acAz"09"'
0:00:00:00 - Rule #633: '<- l Az"70"' accepted as '<-lAz"70"'
0:00:00:00 - Rule #634: '<- l Az"71"' accepted as '<-lAz"71"'
0:00:00:00 - Rule #635: '<- l Az"72"' accepted as '<-lAz"72"'
0:00:00:00 - Rule #636: '<- l Az"73"' accepted as '<-lAz"73"'
0:00:00:00 - Rule #637: '<- l Az"74"' accepted as '<-lAz"74"'
0:00:00:00 - Rule #638: '<- l Az"75"' accepted as '<-lAz"75"'
0:00:00:00 - Rule #639: '<- l Az"76"' accepted as '<-lAz"76"'
0:00:00:00 - Rule #640: '<- l Az"77"' accepted as '<-lAz"77"'
0:00:00:00 - Rule #641: '<- l Az"78"' accepted as '<-lAz"78"'
0:00:00:00 - Rule #642: '<- l Az"79"' accepted as '<-lAz"79"'
0:00:00:00 - Rule #643: '<- l Az"80"' accepted as '<-lAz"80"'
0:00:00:00 - Rule #644: '<- l Az"81"' accepted as '<-lAz"81"'
0:00:00:00 - Rule #645: '<- l Az"82"' accepted as '<-lAz"82"'
0:00:00:00 - Rule #646: '<- l Az"83"' accepted as '<-lAz"83"'
0:00:00:00 - Rule #647: '<- l Az"84"' accepted as '<-lAz"84"'
0:00:00:00 - Rule #648: '<- l Az"85"' accepted as '<-lAz"85"'
0:00:00:00 - Rule #649: '<- l Az"86"' accepted as '<-lAz"86"'
0:00:00:00 - Rule #650: '<- l Az"87"' accepted as '<-lAz"87"'
0:00:00:00 - Rule #651: '<- l Az"88"' accepted as '<-lAz"88"'
0:00:00:00 - Rule #652: '<- l Az"89"' accepted as '<-lAz"89"'
0:00:00:00 - Rule #653: '<- l Az"20"' accepted as '<-lAz"20"'
0:00:00:00 - Rule #654: '<- l Az"21"' accepted as '<-lAz"21"'
0:00:00:00 - Rule #655: '<- l Az"22"' accepted as '<-lAz"22"'
0:00:00:00 - Rule #656: '<- l Az"23"' accepted as '<-lAz"23"'
0:00:00:00 - Rule #657: '<- l Az"24"' accepted as '<-lAz"24"'
0:00:00:00 - Rule #658: '<- l Az"25"' accepted as '<-lAz"25"'
0:00:00:00 - Rule #659: '<- l Az"26"' accepted as '<-lAz"26"'
0:00:00:00 - Rule #660: '<- l Az"27"' accepted as '<-lAz"27"'
0:00:00:00 - Rule #661: '<- l Az"28"' accepted as '<-lAz"28"'
0:00:00:00 - Rule #662: '<- l Az"29"' accepted as '<-lAz"29"'
0:00:00:00 - Rule #663: '-c <- (?a c Az"70"' accepted as '<-(?acAz"70"'
0:00:00:00 - Rule #664: '-c <- (?a c Az"71"' accepted as '<-(?acAz"71"'
0:00:00:00 - Rule #665: '-c <- (?a c Az"72"' accepted as '<-(?acAz"72"'
0:00:00:00 - Rule #666: '-c <- (?a c Az"73"' accepted as '<-(?acAz"73"'
0:00:00:00 - Rule #667: '-c <- (?a c Az"74"' accepted as '<-(?acAz"74"'
0:00:00:00 - Rule #668: '-c <- (?a c Az"75"' accepted as '<-(?acAz"75"'
0:00:00:00 - Rule #669: '-c <- (?a c Az"76"' accepted as '<-(?acAz"76"'
0:00:00:00 - Rule #670: '-c <- (?a c Az"77"' accepted as '<-(?acAz"77"'
0:00:00:00 - Rule #671: '-c <- (?a c Az"78"' accepted as '<-(?acAz"78"'
0:00:00:00 - Rule #672: '-c <- (?a c Az"79"' accepted as '<-(?acAz"79"'
0:00:00:00 - Rule #673: '-c <- (?a c Az"80"' accepted as '<-(?acAz"80"'
0:00:00:00 - Rule #674: '-c <- (?a c Az"81"' accepted as '<-(?acAz"81"'
0:00:00:00 - Rule #675: '-c <- (?a c Az"82"' accepted as '<-(?acAz"82"'
0:00:00:00 - Rule #676: '-c <- (?a c Az"83"' accepted as '<-(?acAz"83"'
0:00:00:00 - Rule #677: '-c <- (?a c Az"84"' accepted as '<-(?acAz"84"'
0:00:00:00 - Rule #678: '-c <- (?a c Az"85"' accepted as '<-(?acAz"85"'
0:00:00:00 - Rule #679: '-c <- (?a c Az"86"' accepted as '<-(?acAz"86"'
0:00:00:00 - Rule #680: '-c <- (?a c Az"87"' accepted as '<-(?acAz"87"'
0:00:00:00 - Rule #681: '-c <- (?a c Az"88"' accepted as '<-(?acAz"88"'
0:00:00:00 - Rule #682: '-c <- (?a c Az"89"' accepted as '<-(?acAz"89"'
0:00:00:00 - Rule #683: '-c <- (?a c Az"20"' accepted as '<-(?acAz"20"'
0:00:00:00 - Rule #684: '-c <- (?a c Az"21"' accepted as '<-(?acAz"21"'
0:00:00:00 - Rule #685: '-c <- (?a c Az"22"' accepted as '<-(?acAz"22"'
0:00:00:00 - Rule #686: '-c <- (?a c Az"23"' accepted as '<-(?acAz"23"'
0:00:00:00 - Rule #687: '-c <- (?a c Az"24"' accepted as '<-(?acAz"24"'
0:00:00:00 - Rule #688: '-c <- (?a c Az"25"' accepted as '<-(?acAz"25"'
0:00:00:00 - Rule #689: '-c <- (?a c Az"26"' accepted as '<-(?acAz"26"'
0:00:00:00 - Rule #690: '-c <- (?a c Az"27"' accepted as '<-(?acAz"27"'
0:00:00:00 - Rule #691: '-c <- (?a c Az"28"' accepted as '<-(?acAz"28"'
0:00:00:00 - Rule #692: '-c <- (?a c Az"29"' accepted as '<-(?acAz"29"'
0:00:00:00 - Rule #693: '<* l $A' accepted as '<*l$A'
0:00:00:00 - Rule #694: '<* l $B' accepted as '<*l$B'
0:00:00:00 - Rule #695: '<* l $C' accepted as '<*l$C'
0:00:00:00 - Rule #696: '<* l $D' accepted as '<*l$D'
0:00:00:00 - Rule #697: '<* l $E' accepted as '<*l$E'
0:00:00:00 - Rule #698: '<* l $F' accepted as '<*l$F'
0:00:00:00 - Rule #699: '<* l $G' accepted as '<*l$G'
0:00:00:00 - Rule #700: '<* l $H' accepted as '<*l$H'
0:00:00:00 - Rule #701: '<* l $I' accepted as '<*l$I'
0:00:00:00 - Rule #702: '<* l $J' accepted as '<*l$J'
0:00:00:00 - Rule #703: '<* l $K' accepted as '<*l$K'
0:00:00:00 - Rule #704: '<* l $L' accepted as '<*l$L'
0:00:00:00 - Rule #705: '<* l $M' accepted as '<*l$M'
0:00:00:00 - Rule #706: '<* l $N' accepted as '<*l$N'
0:00:00:00 - Rule #707: '<* l $O' accepted as '<*l$O'
0:00:00:00 - Rule #708: '<* l $P' accepted as '<*l$P'
0:00:00:00 - Rule #709: '<* l $Q' accepted as '<*l$Q'
0:00:00:00 - Rule #710: '<* l $R' accepted as '<*l$R'
0:00:00:00 - Rule #711: '<* l $S' accepted as '<*l$S'
0:00:00:00 - Rule #712: '<* l $T' accepted as '<*l$T'
0:00:00:00 - Rule #713: '<* l $U' accepted as '<*l$U'
0:00:00:00 - Rule #714: '<* l $V' accepted as '<*l$V'
0:00:00:00 - Rule #715: '<* l $W' accepted as '<*l$W'
0:00:00:00 - Rule #716: '<* l $X' accepted as '<*l$X'
0:00:00:00 - Rule #717: '<* l $Y' accepted as '<*l$Y'
0:00:00:00 - Rule #718: '<* l $Z' accepted as '<*l$Z'
0:00:00:00 - Rule #719: '-c <* (?a c $A' accepted as '<*(?ac$A'
0:00:00:00 - Rule #720: '-c <* (?a c $B' accepted as '<*(?ac$B'
0:00:00:00 - Rule #721: '-c <* (?a c $C' accepted as '<*(?ac$C'
0:00:00:00 - Rule #722: '-c <* (?a c $D' accepted as '<*(?ac$D'
0:00:00:00 - Rule #723: '-c <* (?a c $E' accepted as '<*(?ac$E'
0:00:00:00 - Rule #724: '-c <* (?a c $F' accepted as '<*(?ac$F'
0:00:00:00 - Rule #725: '-c <* (?a c $G' accepted as '<*(?ac$G'
0:00:00:00 - Rule #726: '-c <* (?a c $H' accepted as '<*(?ac$H'
0:00:00:00 - Rule #727: '-c <* (?a c $I' accepted as '<*(?ac$I'
0:00:00:00 - Rule #728: '-c <* (?a c $J' accepted as '<*(?ac$J'
0:00:00:00 - Rule #729: '-c <* (?a c $K' accepted as '<*(?ac$K'
0:00:00:00 - Rule #730: '-c <* (?a c $L' accepted as '<*(?ac$L'
0:00:00:00 - Rule #731: '-c <* (?a c $M' accepted as '<*(?ac$M'
0:00:00:00 - Rule #732: '-c <* (?a c $N' accepted as '<*(?ac$N'
0:00:00:00 - Rule #733: '-c <* (?a c $O' accepted as '<*(?ac$O'
0:00:00:00 - Rule #734: '-c <* (?a c $P' accepted as '<*(?ac$P'
0:00:00:00 - Rule #735: '-c <* (?a c $Q' accepted as '<*(?ac$Q'
0:00:00:00 - Rule #736: '-c <* (?a c $R' accepted as '<*(?ac$R'
0:00:00:00 - Rule #737: '-c <* (?a c $S' accepted as '<*(?ac$S'
0:00:00:00 - Rule #738: '-c <* (?a c $T' accepted as '<*(?ac$T'
0:00:00:00 - Rule #739: '-c <* (?a c $U' accepted as '<*(?ac$U'
0:00:00:00 - Rule #740: '-c <* (?a c $V' accepted as '<*(?ac$V'
0:00:00:00 - Rule #741: '-c <* (?a c $W' accepted as '<*(?ac$W'
0:00:00:00 - Rule #742: '-c <* (?a c $X' accepted as '<*(?ac$X'
0:00:00:00 - Rule #743: '-c <* (?a c $Y' accepted as '<*(?ac$Y'
0:00:00:00 - Rule #744: '-c <* (?a c $Z' accepted as '<*(?ac$Z'
0:00:00:00 - Oldest still in use is now rule #743
0:00:00:00 - Rule #745: '-c u /I sIi' accepted as 'u/IsIi'
0:00:00:00 - Rule #746: '%2?a C Q' accepted as '%2?aCQ'
0:00:00:00 - Rule #747: '/?A S Q' accepted as '/?ASQ'
0:00:00:00 - Rule #748: '-c /?v V Q' accepted as '/?vVQ'
0:00:00:00 - Rule #749: ':R Q' accepted as 'RQ'
0:00:00:00 - Rule #750: ':L Q' accepted as 'LQ'
0:00:00:00 - Rule #751: 'l Q R' accepted as 'lQR'
0:00:00:00 - Rule #752: 'l Q L' accepted as 'lQL'
0:00:00:00 - Rule #753: '-c (?a c Q R' accepted as '(?acQR'
0:00:00:00 - Rule #754: '-c (?a c Q L' accepted as '(?acQL'
0:00:00:00 - Rule #755: ':R R Q' accepted as 'RRQ'
0:00:00:00 - Rule #756: ':L L Q' accepted as 'LLQ'
0:00:00:00 - Rule #757: '<- l ^1 $1' accepted as '<-l^1$1'
0:00:00:00 - Rule #758: '<- l ^! $!' accepted as '<-l^!$!'
0:00:00:00 - Rule #759: '<- l ^@ $@' accepted as '<-l^@$@'
0:00:00:00 - Rule #760: '<- l ^# $#' accepted as '<-l^#$#'
0:00:00:00 - Rule #761: '<- l ^$ $$' accepted as '<-l^$$$'
0:00:00:00 - Rule #762: '<- l ^% $%' accepted as '<-l^%$%'
0:00:00:00 - Rule #763: '<- l ^^ $^' accepted as '<-l^^$^'
0:00:00:00 - Rule #764: '<- l ^& $&' accepted as '<-l^&$&'
0:00:00:00 - Rule #765: '<- l ^* $*' accepted as '<-l^*$*'
0:00:00:00 - Rule #766: '<- l ^- $-' accepted as '<-l^-$-'
0:00:00:00 - Rule #767: '<- l ^= $=' accepted as '<-l^=$='
0:00:00:00 - Rule #768: '<- l ^_ $_' accepted as '<-l^_$_'
0:00:00:00 - Rule #769: '<- l ^+ $+' accepted as '<-l^+$+'
0:00:00:00 - Rule #770: '<- l ^. $.' accepted as '<-l^.$.'
0:00:00:00 - Rule #771: '<- l ^? $?' accepted as '<-l^?$?'
0:00:00:00 - Rule #772: '<- l ^| $|' accepted as '<-l^|$|'
0:00:00:00 - Rule #773: '<- l ^: $:' accepted as '<-l^:$:'
0:00:00:00 - Rule #774: '<- l ^' $'' accepted as '<-l^'$''
0:00:00:00 - Rule #775: '<- l ^" $"' accepted as '<-l^"$"'
0:00:00:00 - Rule #776: '<- l ^( $)' accepted as '<-l^($)'
0:00:00:00 - Rule #777: '<- l ^{ $}' accepted as '<-l^{$}'
0:00:00:00 - Rule #778: '<- l ^[ $]' accepted as '<-l^[$]'
0:00:00:00 - Rule #779: '<- l ^< $>' accepted as '<-l^<$>'
0:00:00:00 - Rule #780: '<- l Az"60"' accepted as '<-lAz"60"'
0:00:00:00 - Rule #781: '<- l Az"61"' accepted as '<-lAz"61"'
0:00:00:00 - Rule #782: '<- l Az"62"' accepted as '<-lAz"62"'
0:00:00:00 - Rule #783: '<- l Az"63"' accepted as '<-lAz"63"'
0:00:00:00 - Rule #784: '<- l Az"64"' accepted as '<-lAz"64"'
0:00:00:00 - Rule #785: '<- l Az"65"' accepted as '<-lAz"65"'
0:00:00:00 - Rule #786: '<- l Az"66"' accepted as '<-lAz"66"'
0:00:00:00 - Rule #787: '<- l Az"67"' accepted as '<-lAz"67"'
0:00:00:00 - Rule #788: '<- l Az"68"' accepted as '<-lAz"68"'
0:00:00:00 - Rule #789: '<- l Az"69"' accepted as '<-lAz"69"'
0:00:00:00 - Rule #790: '<- l Az"30"' accepted as '<-lAz"30"'
0:00:00:00 - Rule #791: '<- l Az"31"' accepted as '<-lAz"31"'
0:00:00:00 - Rule #792: '<- l Az"32"' accepted as '<-lAz"32"'
0:00:00:00 - Rule #793: '<- l Az"33"' accepted as '<-lAz"33"'
0:00:00:00 - Rule #794: '<- l Az"34"' accepted as '<-lAz"34"'
0:00:00:00 - Rule #795: '<- l Az"35"' accepted as '<-lAz"35"'
0:00:00:00 - Rule #796: '<- l Az"36"' accepted as '<-lAz"36"'
0:00:00:00 - Rule #797: '<- l Az"37"' accepted as '<-lAz"37"'
0:00:00:00 - Rule #798: '<- l Az"38"' accepted as '<-lAz"38"'
0:00:00:00 - Rule #799: '<- l Az"39"' accepted as '<-lAz"39"'
0:00:00:00 - Rule #800: '<- l Az"40"' accepted as '<-lAz"40"'
0:00:00:00 - Rule #801: '<- l Az"41"' accepted as '<-lAz"41"'
0:00:00:00 - Rule #802: '<- l Az"42"' accepted as '<-lAz"42"'
0:00:00:00 - Rule #803: '<- l Az"43"' accepted as '<-lAz"43"'
0:00:00:00 - Rule #804: '<- l Az"44"' accepted as '<-lAz"44"'
0:00:00:00 - Rule #805: '<- l Az"45"' accepted as '<-lAz"45"'
0:00:00:00 - Rule #806: '<- l Az"46"' accepted as '<-lAz"46"'
0:00:00:00 - Rule #807: '<- l Az"47"' accepted as '<-lAz"47"'
0:00:00:00 - Rule #808: '<- l Az"48"' accepted as '<-lAz"48"'
0:00:00:00 - Rule #809: '<- l Az"49"' accepted as '<-lAz"49"'
0:00:00:00 - Rule #810: '<- l Az"50"' accepted as '<-lAz"50"'
0:00:00:00 - Rule #811: '<- l Az"51"' accepted as '<-lAz"51"'
0:00:00:00 - Rule #812: '<- l Az"52"' accepted as '<-lAz"52"'
0:00:00:00 - Rule #813: '<- l Az"53"' accepted as '<-lAz"53"'
0:00:00:00 - Rule #814: '<- l Az"54"' accepted as '<-lAz"54"'
0:00:00:00 - Rule #815: '<- l Az"55"' accepted as '<-lAz"55"'
0:00:00:00 - Rule #816: '<- l Az"56"' accepted as '<-lAz"56"'
0:00:00:00 - Rule #817: '<- l Az"57"' accepted as '<-lAz"57"'
0:00:00:00 - Rule #818: '<- l Az"58"' accepted as '<-lAz"58"'
0:00:00:00 - Rule #819: '<- l Az"59"' accepted as '<-lAz"59"'
0:00:00:00 - Rule #820: '-c <- (?a c Az"60"' accepted as '<-(?acAz"60"'
0:00:00:00 - Rule #821: '-c <- (?a c Az"61"' accepted as '<-(?acAz"61"'
0:00:00:00 - Rule #822: '-c <- (?a c Az"62"' accepted as '<-(?acAz"62"'
0:00:00:00 - Rule #823: '-c <- (?a c Az"63"' accepted as '<-(?acAz"63"'
0:00:00:00 - Rule #824: '-c <- (?a c Az"64"' accepted as '<-(?acAz"64"'
0:00:00:00 - Rule #825: '-c <- (?a c Az"65"' accepted as '<-(?acAz"65"'
0:00:00:00 - Rule #826: '-c <- (?a c Az"66"' accepted as '<-(?acAz"66"'
0:00:00:00 - Rule #827: '-c <- (?a c Az"67"' accepted as '<-(?acAz"67"'
0:00:00:00 - Rule #828: '-c <- (?a c Az"68"' accepted as '<-(?acAz"68"'
0:00:00:00 - Rule #829: '-c <- (?a c Az"69"' accepted as '<-(?acAz"69"'
0:00:00:00 - Rule #830: '-c <- (?a c Az"30"' accepted as '<-(?acAz"30"'
0:00:00:00 - Rule #831: '-c <- (?a c Az"31"' accepted as '<-(?acAz"31"'
0:00:00:00 - Rule #832: '-c <- (?a c Az"32"' accepted as '<-(?acAz"32"'
0:00:00:00 - Rule #833: '-c <- (?a c Az"33"' accepted as '<-(?acAz"33"'
0:00:00:00 - Rule #834: '-c <- (?a c Az"34"' accepted as '<-(?acAz"34"'
0:00:00:00 - Rule #835: '-c <- (?a c Az"35"' accepted as '<-(?acAz"35"'
0:00:00:00 - Rule #836: '-c <- (?a c Az"36"' accepted as '<-(?acAz"36"'
0:00:00:00 - Rule #837: '-c <- (?a c Az"37"' accepted as '<-(?acAz"37"'
0:00:00:00 - Rule #838: '-c <- (?a c Az"38"' accepted as '<-(?acAz"38"'
0:00:00:00 - Rule #839: '-c <- (?a c Az"39"' accepted as '<-(?acAz"39"'
0:00:00:00 - Rule #840: '-c <- (?a c Az"40"' accepted as '<-(?acAz"40"'
0:00:00:00 - Rule #841: '-c <- (?a c Az"41"' accepted as '<-(?acAz"41"'
0:00:00:00 - Rule #842: '-c <- (?a c Az"42"' accepted as '<-(?acAz"42"'
0:00:00:00 - Rule #843: '-c <- (?a c Az"43"' accepted as '<-(?acAz"43"'
0:00:00:00 - Rule #844: '-c <- (?a c Az"44"' accepted as '<-(?acAz"44"'
0:00:00:00 - Rule #845: '-c <- (?a c Az"45"' accepted as '<-(?acAz"45"'
0:00:00:00 - Rule #846: '-c <- (?a c Az"46"' accepted as '<-(?acAz"46"'
0:00:00:00 - Rule #847: '-c <- (?a c Az"47"' accepted as '<-(?acAz"47"'
0:00:00:00 - Rule #848: '-c <- (?a c Az"48"' accepted as '<-(?acAz"48"'
0:00:00:00 - Rule #849: '-c <- (?a c Az"49"' accepted as '<-(?acAz"49"'
0:00:00:00 - Rule #850: '-c <- (?a c Az"50"' accepted as '<-(?acAz"50"'
0:00:00:00 - Rule #851: '-c <- (?a c Az"51"' accepted as '<-(?acAz"51"'
0:00:00:00 - Rule #852: '-c <- (?a c Az"52"' accepted as '<-(?acAz"52"'
0:00:00:00 - Rule #853: '-c <- (?a c Az"53"' accepted as '<-(?acAz"53"'
0:00:00:00 - Rule #854: '-c <- (?a c Az"54"' accepted as '<-(?acAz"54"'
0:00:00:00 - Rule #855: '-c <- (?a c Az"55"' accepted as '<-(?acAz"55"'
0:00:00:00 - Rule #856: '-c <- (?a c Az"56"' accepted as '<-(?acAz"56"'
0:00:00:00 - Rule #857: '-c <- (?a c Az"57"' accepted as '<-(?acAz"57"'
0:00:00:00 - Rule #858: '-c <- (?a c Az"58"' accepted as '<-(?acAz"58"'
0:00:00:00 - Rule #859: '-c <- (?a c Az"59"' accepted as '<-(?acAz"59"'
0:00:00:00 - Rule #860: '-: (?a l Az"007" <+' accepted as '(?alAz"007"<+'
0:00:00:00 - Rule #861: '-c (?a c Az"007" <+' accepted as '(?acAz"007"<+'
0:00:00:00 - Rule #862: '-: (?a l Az"123" <+' accepted as '(?alAz"123"<+'
0:00:00:00 - Rule #863: '-c (?a c Az"123" <+' accepted as '(?acAz"123"<+'
0:00:00:00 - Rule #864: '-: (?a l Az"000" <+' accepted as '(?alAz"000"<+'
0:00:00:00 - Rule #865: '-: (?a l Az"111" <+' accepted as '(?alAz"111"<+'
0:00:00:00 - Rule #866: '-: (?a l Az"222" <+' accepted as '(?alAz"222"<+'
0:00:00:00 - Rule #867: '-: (?a l Az"333" <+' accepted as '(?alAz"333"<+'
0:00:00:00 - Rule #868: '-: (?a l Az"444" <+' accepted as '(?alAz"444"<+'
0:00:00:00 - Rule #869: '-: (?a l Az"555" <+' accepted as '(?alAz"555"<+'
0:00:00:00 - Rule #870: '-: (?a l Az"666" <+' accepted as '(?alAz"666"<+'
0:00:00:00 - Rule #871: '-: (?a l Az"777" <+' accepted as '(?alAz"777"<+'
0:00:00:00 - Rule #872: '-: (?a l Az"888" <+' accepted as '(?alAz"888"<+'
0:00:00:00 - Rule #873: '-: (?a l Az"999" <+' accepted as '(?alAz"999"<+'
0:00:00:00 - Rule #874: '-c (?a c Az"000" <+' accepted as '(?acAz"000"<+'
0:00:00:00 - Rule #875: '-c (?a c Az"111" <+' accepted as '(?acAz"111"<+'
0:00:00:00 - Rule #876: '-c (?a c Az"222" <+' accepted as '(?acAz"222"<+'
0:00:00:00 - Rule #877: '-c (?a c Az"333" <+' accepted as '(?acAz"333"<+'
0:00:00:00 - Rule #878: '-c (?a c Az"444" <+' accepted as '(?acAz"444"<+'
0:00:00:00 - Rule #879: '-c (?a c Az"555" <+' accepted as '(?acAz"555"<+'
0:00:00:00 - Rule #880: '-c (?a c Az"666" <+' accepted as '(?acAz"666"<+'
0:00:00:00 - Rule #881: '-c (?a c Az"777" <+' accepted as '(?acAz"777"<+'
0:00:00:00 - Rule #882: '-c (?a c Az"888" <+' accepted as '(?acAz"888"<+'
0:00:00:00 - Rule #883: '-c (?a c Az"999" <+' accepted as '(?acAz"999"<+'
0:00:00:00 - Rule #884: '-: (?a l Az"1234" <+' accepted as '(?alAz"1234"<+'
0:00:00:00 - Rule #885: '-c (?a c Az"1234" <+' accepted as '(?acAz"1234"<+'
0:00:00:00 - Rule #886: '-: (?a l Az"0000" <+' accepted as '(?alAz"0000"<+'
0:00:00:00 - Rule #887: '-: (?a l Az"1111" <+' accepted as '(?alAz"1111"<+'
0:00:00:00 - Rule #888: '-: (?a l Az"2222" <+' accepted as '(?alAz"2222"<+'
0:00:00:00 - Rule #889: '-: (?a l Az"3333" <+' accepted as '(?alAz"3333"<+'
0:00:00:00 - Rule #890: '-: (?a l Az"4444" <+' accepted as '(?alAz"4444"<+'
0:00:00:00 - Rule #891: '-: (?a l Az"5555" <+' accepted as '(?alAz"5555"<+'
0:00:00:00 - Rule #892: '-: (?a l Az"6666" <+' accepted as '(?alAz"6666"<+'
0:00:00:00 - Rule #893: '-: (?a l Az"7777" <+' accepted as '(?alAz"7777"<+'
0:00:00:00 - Rule #894: '-: (?a l Az"8888" <+' accepted as '(?alAz"8888"<+'
0:00:00:00 - Rule #895: '-: (?a l Az"9999" <+' accepted as '(?alAz"9999"<+'
0:00:00:00 - Rule #896: '-c (?a c Az"0000" <+' accepted as '(?acAz"0000"<+'
0:00:00:00 - Rule #897: '-c (?a c Az"1111" <+' accepted as '(?acAz"1111"<+'
0:00:00:00 - Rule #898: '-c (?a c Az"2222" <+' accepted as '(?acAz"2222"<+'
0:00:00:00 - Rule #899: '-c (?a c Az"3333" <+' accepted as '(?acAz"3333"<+'
0:00:00:00 - Rule #900: '-c (?a c Az"4444" <+' accepted as '(?acAz"4444"<+'
0:00:00:00 - Rule #901: '-c (?a c Az"5555" <+' accepted as '(?acAz"5555"<+'
0:00:00:00 - Rule #902: '-c (?a c Az"6666" <+' accepted as '(?acAz"6666"<+'
0:00:00:00 - Rule #903: '-c (?a c Az"7777" <+' accepted as '(?acAz"7777"<+'
0:00:00:00 - Rule #904: '-c (?a c Az"8888" <+' accepted as '(?acAz"8888"<+'
0:00:00:00 - Rule #905: '-c (?a c Az"9999" <+' accepted as '(?acAz"9999"<+'
0:00:00:00 - Rule #906: '-: (?a l Az"12345" <+' accepted as '(?alAz"12345"<+'
0:00:00:00 - Rule #907: '-c (?a c Az"12345" <+' accepted as '(?acAz"12345"<+'
0:00:00:00 - Rule #908: '-: (?a l Az"00000" <+' accepted as '(?alAz"00000"<+'
0:00:00:00 - Rule #909: '-: (?a l Az"11111" <+' accepted as '(?alAz"11111"<+'
0:00:00:00 - Rule #910: '-: (?a l Az"22222" <+' accepted as '(?alAz"22222"<+'
0:00:00:00 - Rule #911: '-: (?a l Az"33333" <+' accepted as '(?alAz"33333"<+'
0:00:00:00 - Rule #912: '-: (?a l Az"44444" <+' accepted as '(?alAz"44444"<+'
0:00:00:00 - Rule #913: '-: (?a l Az"55555" <+' accepted as '(?alAz"55555"<+'
0:00:00:00 - Rule #914: '-: (?a l Az"66666" <+' accepted as '(?alAz"66666"<+'
0:00:00:00 - Rule #915: '-: (?a l Az"77777" <+' accepted as '(?alAz"77777"<+'
0:00:00:00 - Rule #916: '-: (?a l Az"88888" <+' accepted as '(?alAz"88888"<+'
0:00:00:00 - Rule #917: '-: (?a l Az"99999" <+' accepted as '(?alAz"99999"<+'
0:00:00:00 - Rule #918: '-c (?a c Az"00000" <+' accepted as '(?acAz"00000"<+'
0:00:00:00 - Rule #919: '-c (?a c Az"11111" <+' accepted as '(?acAz"11111"<+'
0:00:00:00 - Rule #920: '-c (?a c Az"22222" <+' accepted as '(?acAz"22222"<+'
0:00:00:00 - Rule #921: '-c (?a c Az"33333" <+' accepted as '(?acAz"33333"<+'
0:00:00:00 - Rule #922: '-c (?a c Az"44444" <+' accepted as '(?acAz"44444"<+'
0:00:00:00 - Rule #923: '-c (?a c Az"55555" <+' accepted as '(?acAz"55555"<+'
0:00:00:00 - Rule #924: '-c (?a c Az"66666" <+' accepted as '(?acAz"66666"<+'
0:00:00:00 - Rule #925: '-c (?a c Az"77777" <+' accepted as '(?acAz"77777"<+'
0:00:00:00 - Rule #926: '-c (?a c Az"88888" <+' accepted as '(?acAz"88888"<+'
0:00:00:00 - Rule #927: '-c (?a c Az"99999" <+' accepted as '(?acAz"99999"<+'
0:00:00:00 - Rule #928: '-: (?a l Az"123456" <+' accepted as '(?alAz"123456"<+'
0:00:00:00 - Rule #929: '-c (?a c Az"123456" <+' accepted as '(?acAz"123456"<+'
0:00:00:00 - Rule #930: '-: (?a l Az"000000" <+' accepted as '(?alAz"000000"<+'
0:00:00:00 - Rule #931: '-: (?a l Az"111111" <+' accepted as '(?alAz"111111"<+'
0:00:00:00 - Rule #932: '-: (?a l Az"222222" <+' accepted as '(?alAz"222222"<+'
0:00:00:00 - Rule #933: '-: (?a l Az"333333" <+' accepted as '(?alAz"333333"<+'
0:00:00:00 - Rule #934: '-: (?a l Az"444444" <+' accepted as '(?alAz"444444"<+'
0:00:00:00 - Rule #935: '-: (?a l Az"555555" <+' accepted as '(?alAz"555555"<+'
0:00:00:00 - Rule #936: '-: (?a l Az"666666" <+' accepted as '(?alAz"666666"<+'
0:00:00:00 - Rule #937: '-: (?a l Az"777777" <+' accepted as '(?alAz"777777"<+'
0:00:00:00 - Rule #938: '-: (?a l Az"888888" <+' accepted as '(?alAz"888888"<+'
0:00:00:00 - Rule #939: '-: (?a l Az"999999" <+' accepted as '(?alAz"999999"<+'
0:00:00:00 - Rule #940: '-c (?a c Az"000000" <+' accepted as '(?acAz"000000"<+'
0:00:00:00 - Rule #941: '-c (?a c Az"111111" <+' accepted as '(?acAz"111111"<+'
0:00:00:00 - Rule #942: '-c (?a c Az"222222" <+' accepted as '(?acAz"222222"<+'
0:00:00:00 - Rule #943: '-c (?a c Az"333333" <+' accepted as '(?acAz"333333"<+'
0:00:00:00 - Rule #944: '-c (?a c Az"444444" <+' accepted as '(?acAz"444444"<+'
0:00:00:00 - Rule #945: '-c (?a c Az"555555" <+' accepted as '(?acAz"555555"<+'
0:00:00:00 - Rule #946: '-c (?a c Az"666666" <+' accepted as '(?acAz"666666"<+'
0:00:00:00 - Rule #947: '-c (?a c Az"777777" <+' accepted as '(?acAz"777777"<+'
0:00:00:00 - Rule #948: '-c (?a c Az"888888" <+' accepted as '(?acAz"888888"<+'
0:00:00:00 - Rule #949: '-c (?a c Az"999999" <+' accepted as '(?acAz"999999"<+'
0:00:00:00 - Rule #950: 'l Az"197" <+ >-' accepted as 'lAz"197"<+>-'
0:00:00:00 - Rule #951: 'l Az"198" <+ >-' accepted as 'lAz"198"<+>-'
0:00:00:00 - Rule #952: 'l Az"199" <+ >-' accepted as 'lAz"199"<+>-'
0:00:00:00 - Rule #953: 'l Az"196" <+ >-' accepted as 'lAz"196"<+>-'
0:00:00:00 - Rule #954: 'l Az"195" <+ >-' accepted as 'lAz"195"<+>-'
0:00:00:00 - Rule #955: 'l Az"194" <+ >-' accepted as 'lAz"194"<+>-'
0:00:00:00 - Rule #956: 'l Az"193" <+ >-' accepted as 'lAz"193"<+>-'
0:00:00:00 - Rule #957: 'l Az"192" <+ >-' accepted as 'lAz"192"<+>-'
0:00:00:00 - Rule #958: 'l Az"191" <+ >-' accepted as 'lAz"191"<+>-'
0:00:00:00 - Rule #959: 'l Az"190" <+ >-' accepted as 'lAz"190"<+>-'
0:00:00:00 - Rule #960: 'l Az"200" <+ >-' accepted as 'lAz"200"<+>-'
0:00:00:00 - Rule #961: 'l Az"201" <+ >-' accepted as 'lAz"201"<+>-'
0:00:00:00 - Rule #962: 'l Az"1970" <+' accepted as 'lAz"1970"<+'
0:00:00:00 - Rule #963: 'l Az"1971" <+' accepted as 'lAz"1971"<+'
0:00:00:00 - Rule #964: 'l Az"1972" <+' accepted as 'lAz"1972"<+'
0:00:00:00 - Rule #965: 'l Az"1973" <+' accepted as 'lAz"1973"<+'
0:00:00:00 - Rule #966: 'l Az"1974" <+' accepted as 'lAz"1974"<+'
0:00:00:00 - Rule #967: 'l Az"1975" <+' accepted as 'lAz"1975"<+'
0:00:00:00 - Rule #968: 'l Az"1976" <+' accepted as 'lAz"1976"<+'
0:00:00:00 - Rule #969: 'l Az"1977" <+' accepted as 'lAz"1977"<+'
0:00:00:00 - Rule #970: 'l Az"1978" <+' accepted as 'lAz"1978"<+'
0:00:00:00 - Rule #971: 'l Az"1979" <+' accepted as 'lAz"1979"<+'
0:00:00:00 - Rule #972: 'l Az"1980" <+' accepted as 'lAz"1980"<+'
0:00:00:00 - Rule #973: 'l Az"1981" <+' accepted as 'lAz"1981"<+'
0:00:00:00 - Rule #974: 'l Az"1982" <+' accepted as 'lAz"1982"<+'
0:00:00:00 - Rule #975: 'l Az"1983" <+' accepted as 'lAz"1983"<+'
0:00:00:00 - Rule #976: 'l Az"1984" <+' accepted as 'lAz"1984"<+'
0:00:00:00 - Rule #977: 'l Az"1985" <+' accepted as 'lAz"1985"<+'
0:00:00:00 - Rule #978: 'l Az"1986" <+' accepted as 'lAz"1986"<+'
0:00:00:00 - Rule #979: 'l Az"1987" <+' accepted as 'lAz"1987"<+'
0:00:00:00 - Rule #980: 'l Az"1988" <+' accepted as 'lAz"1988"<+'
0:00:00:00 - Rule #981: 'l Az"1989" <+' accepted as 'lAz"1989"<+'
0:00:00:00 - Rule #982: 'l Az"1990" <+' accepted as 'lAz"1990"<+'
0:00:00:00 - Rule #983: 'l Az"1991" <+' accepted as 'lAz"1991"<+'
0:00:00:00 - Rule #984: 'l Az"1992" <+' accepted as 'lAz"1992"<+'
0:00:00:00 - Rule #985: 'l Az"1993" <+' accepted as 'lAz"1993"<+'
0:00:00:00 - Rule #986: 'l Az"1994" <+' accepted as 'lAz"1994"<+'
0:00:00:00 - Rule #987: 'l Az"1995" <+' accepted as 'lAz"1995"<+'
0:00:00:00 - Rule #988: 'l Az"1996" <+' accepted as 'lAz"1996"<+'
0:00:00:00 - Rule #989: 'l Az"1997" <+' accepted as 'lAz"1997"<+'
0:00:00:00 - Rule #990: 'l Az"1998" <+' accepted as 'lAz"1998"<+'
0:00:00:00 - Rule #991: 'l Az"1999" <+' accepted as 'lAz"1999"<+'
0:00:00:00 - Rule #992: 'l Az"2000" <+' accepted as 'lAz"2000"<+'
0:00:00:00 - Rule #993: 'l Az"2001" <+' accepted as 'lAz"2001"<+'
0:00:00:00 - Rule #994: 'l Az"2002" <+' accepted as 'lAz"2002"<+'
0:00:00:00 - Rule #995: 'l Az"2003" <+' accepted as 'lAz"2003"<+'
0:00:00:00 - Rule #996: 'l Az"2004" <+' accepted as 'lAz"2004"<+'
0:00:00:00 - Rule #997: 'l Az"2005" <+' accepted as 'lAz"2005"<+'
0:00:00:00 - Rule #998: 'l Az"2006" <+' accepted as 'lAz"2006"<+'
0:00:00:00 - Rule #999: 'l Az"2007" <+' accepted as 'lAz"2007"<+'
0:00:00:00 - Rule #1000: 'l Az"2008" <+' accepted as 'lAz"2008"<+'
0:00:00:00 - Rule #1001: 'l Az"2009" <+' accepted as 'lAz"2009"<+'
0:00:00:00 - Oldest still in use is now rule #1000
0:00:00:00 - Rule #1002: 'l Az"2010" <+' accepted as 'lAz"2010"<+'
0:00:00:00 - Oldest still in use is now rule #1001
0:00:00:00 - Rule #1003: 'l Az"2011" <+' accepted as 'lAz"2011"<+'
0:00:00:00 - Oldest still in use is now rule #1002
0:00:00:00 - Rule #1004: 'l Az"2012" <+' accepted as 'lAz"2012"<+'
0:00:00:00 - Oldest still in use is now rule #1003
0:00:00:00 - Rule #1005: 'l Az"2013" <+' accepted as 'lAz"2013"<+'
0:00:00:00 - Oldest still in use is now rule #1004
0:00:00:00 - Rule #1006: 'l Az"2014" <+' accepted as 'lAz"2014"<+'
0:00:00:00 - Oldest still in use is now rule #1005
0:00:00:00 - Rule #1007: 'l Az"2015" <+' accepted as 'lAz"2015"<+'
0:00:00:00 - Oldest still in use is now rule #1006
0:00:00:00 - Rule #1008: 'l Az"2016" <+' accepted as 'lAz"2016"<+'
0:00:00:00 - Oldest still in use is now rule #1007
0:00:00:00 - Rule #1009: 'l Az"2017" <+' accepted as 'lAz"2017"<+'
0:00:00:00 - Oldest still in use is now rule #1008
0:00:00:00 - Rule #1010: 'l Az"2018" <+' accepted as 'lAz"2018"<+'
0:00:00:00 - Oldest still in use is now rule #1009
0:00:00:00 - Rule #1011: 'l Az"2019" <+' accepted as 'lAz"2019"<+'
0:00:00:00 - Oldest still in use is now rule #1010
0:00:00:00 - Rule #1012: 'l Az"1969" <+' accepted as 'lAz"1969"<+'
0:00:00:00 - Oldest still in use is now rule #1011
0:00:00:00 - Rule #1013: 'l Az"1968" <+' accepted as 'lAz"1968"<+'
0:00:00:00 - Oldest still in use is now rule #1012
0:00:00:00 - Rule #1014: 'l Az"1967" <+' accepted as 'lAz"1967"<+'
0:00:00:00 - Oldest still in use is now rule #1013
0:00:00:00 - Rule #1015: 'l Az"1966" <+' accepted as 'lAz"1966"<+'
0:00:00:00 - Oldest still in use is now rule #1014
0:00:00:00 - Rule #1016: 'l Az"1965" <+' accepted as 'lAz"1965"<+'
0:00:00:00 - Oldest still in use is now rule #1015
0:00:00:00 - Rule #1017: 'l Az"1964" <+' accepted as 'lAz"1964"<+'
0:00:00:00 - Oldest still in use is now rule #1016
0:00:00:00 - Rule #1018: 'l Az"1963" <+' accepted as 'lAz"1963"<+'
0:00:00:00 - Oldest still in use is now rule #1017
0:00:00:00 - Rule #1019: 'l Az"1962" <+' accepted as 'lAz"1962"<+'
0:00:00:00 - Oldest still in use is now rule #1018
0:00:00:00 - Rule #1020: 'l Az"1961" <+' accepted as 'lAz"1961"<+'
0:00:00:00 - Oldest still in use is now rule #1019
0:00:00:00 - Rule #1021: 'l Az"1960" <+' accepted as 'lAz"1960"<+'
0:00:00:00 - Oldest still in use is now rule #1020
0:00:00:00 - Rule #1022: 'l Az"1959" <+' accepted as 'lAz"1959"<+'
0:00:00:00 - Oldest still in use is now rule #1021
0:00:00:00 - Rule #1023: 'l Az"1958" <+' accepted as 'lAz"1958"<+'
0:00:00:00 - Oldest still in use is now rule #1022
0:00:00:00 - Rule #1024: 'l Az"1957" <+' accepted as 'lAz"1957"<+'
0:00:00:00 - Oldest still in use is now rule #1023
0:00:00:00 - Rule #1025: 'l Az"1956" <+' accepted as 'lAz"1956"<+'
0:00:00:00 - Oldest still in use is now rule #1024
0:00:00:00 - Rule #1026: 'l Az"1955" <+' accepted as 'lAz"1955"<+'
0:00:00:00 - Oldest still in use is now rule #1025
0:00:00:00 - Rule #1027: 'l Az"1954" <+' accepted as 'lAz"1954"<+'
0:00:00:00 - Oldest still in use is now rule #1026
0:00:00:00 - Rule #1028: 'l Az"1953" <+' accepted as 'lAz"1953"<+'
0:00:00:00 - Oldest still in use is now rule #1027
0:00:00:00 - Rule #1029: 'l Az"1952" <+' accepted as 'lAz"1952"<+'
0:00:00:00 - Oldest still in use is now rule #1028
0:00:00:00 - Rule #1030: 'l Az"1951" <+' accepted as 'lAz"1951"<+'
0:00:00:00 - Oldest still in use is now rule #1029
0:00:00:00 - Rule #1031: 'l Az"1950" <+' accepted as 'lAz"1950"<+'
0:00:00:00 - Oldest still in use is now rule #1030
0:00:00:00 - Rule #1032: 'l Az"1949" <+' accepted as 'lAz"1949"<+'
0:00:00:00 - Oldest still in use is now rule #1031
0:00:00:00 - Rule #1033: 'l Az"1948" <+' accepted as 'lAz"1948"<+'
0:00:00:00 - Oldest still in use is now rule #1032
0:00:00:00 - Rule #1034: 'l Az"1947" <+' accepted as 'lAz"1947"<+'
0:00:00:00 - Oldest still in use is now rule #1033
0:00:00:00 - Rule #1035: 'l Az"1946" <+' accepted as 'lAz"1946"<+'
0:00:00:00 - Oldest still in use is now rule #1034
0:00:00:00 - Rule #1036: 'l Az"1945" <+' accepted as 'lAz"1945"<+'
0:00:00:00 - Oldest still in use is now rule #1035
0:00:00:00 - Rule #1037: 'l Az"1944" <+' accepted as 'lAz"1944"<+'
0:00:00:00 - Oldest still in use is now rule #1036
0:00:00:00 - Rule #1038: 'l Az"1943" <+' accepted as 'lAz"1943"<+'
0:00:00:00 - Oldest still in use is now rule #1037
0:00:00:00 - Rule #1039: 'l Az"1942" <+' accepted as 'lAz"1942"<+'
0:00:00:00 - Oldest still in use is now rule #1038
0:00:00:00 - Rule #1040: 'l Az"1941" <+' accepted as 'lAz"1941"<+'
0:00:00:00 - Oldest still in use is now rule #1039
0:00:00:00 - Rule #1041: 'l Az"1940" <+' accepted as 'lAz"1940"<+'
0:00:00:00 - Oldest still in use is now rule #1040
0:00:00:00 - Rule #1042: 'l Az"1939" <+' accepted as 'lAz"1939"<+'
0:00:00:00 - Oldest still in use is now rule #1041
0:00:00:00 - Rule #1043: 'l Az"1938" <+' accepted as 'lAz"1938"<+'
0:00:00:00 - Oldest still in use is now rule #1042
0:00:00:00 - Rule #1044: 'l Az"1937" <+' accepted as 'lAz"1937"<+'
0:00:00:00 - Oldest still in use is now rule #1043
0:00:00:00 - Rule #1045: 'l Az"1936" <+' accepted as 'lAz"1936"<+'
0:00:00:00 - Oldest still in use is now rule #1044
0:00:00:00 - Rule #1046: 'l Az"1935" <+' accepted as 'lAz"1935"<+'
0:00:00:00 - Oldest still in use is now rule #1045
0:00:00:00 - Rule #1047: 'l Az"1934" <+' accepted as 'lAz"1934"<+'
0:00:00:00 - Oldest still in use is now rule #1046
0:00:00:00 - Rule #1048: 'l Az"1933" <+' accepted as 'lAz"1933"<+'
0:00:00:00 - Oldest still in use is now rule #1047
0:00:00:00 - Rule #1049: 'l Az"1932" <+' accepted as 'lAz"1932"<+'
0:00:00:00 - Oldest still in use is now rule #1048
0:00:00:00 - Rule #1050: 'l Az"1931" <+' accepted as 'lAz"1931"<+'
0:00:00:00 - Oldest still in use is now rule #1049
0:00:00:00 - Rule #1051: 'l Az"1930" <+' accepted as 'lAz"1930"<+'
0:00:00:00 - Oldest still in use is now rule #1050
0:00:00:00 - Rule #1052: 'l Az"1929" <+' accepted as 'lAz"1929"<+'
0:00:00:00 - Oldest still in use is now rule #1051
0:00:00:00 - Rule #1053: 'l Az"1928" <+' accepted as 'lAz"1928"<+'
0:00:00:00 - Oldest still in use is now rule #1052
0:00:00:00 - Rule #1054: 'l Az"1927" <+' accepted as 'lAz"1927"<+'
0:00:00:00 - Oldest still in use is now rule #1053
0:00:00:00 - Rule #1055: 'l Az"1926" <+' accepted as 'lAz"1926"<+'
0:00:00:00 - Oldest still in use is now rule #1054
0:00:00:00 - Rule #1056: 'l Az"1925" <+' accepted as 'lAz"1925"<+'
0:00:00:00 - Oldest still in use is now rule #1055
0:00:00:00 - Rule #1057: 'l Az"1924" <+' accepted as 'lAz"1924"<+'
0:00:00:00 - Oldest still in use is now rule #1056
0:00:00:00 - Rule #1058: 'l Az"1923" <+' accepted as 'lAz"1923"<+'
0:00:00:00 - Oldest still in use is now rule #1057
0:00:00:00 - Rule #1059: 'l Az"1922" <+' accepted as 'lAz"1922"<+'
0:00:00:00 - Oldest still in use is now rule #1058
0:00:00:00 - Rule #1060: 'l Az"1921" <+' accepted as 'lAz"1921"<+'
0:00:00:00 - Oldest still in use is now rule #1059
0:00:00:00 - Rule #1061: 'l Az"1920" <+' accepted as 'lAz"1920"<+'
0:00:00:00 - Oldest still in use is now rule #1060
0:00:00:00 - Rule #1062: 'l Az"1919" <+' accepted as 'lAz"1919"<+'
0:00:00:00 - Oldest still in use is now rule #1061
0:00:00:00 - Rule #1063: 'l Az"1918" <+' accepted as 'lAz"1918"<+'
0:00:00:00 - Oldest still in use is now rule #1062
0:00:00:00 - Rule #1064: 'l Az"1917" <+' accepted as 'lAz"1917"<+'
0:00:00:00 - Oldest still in use is now rule #1063
0:00:00:00 - Rule #1065: 'l Az"1916" <+' accepted as 'lAz"1916"<+'
0:00:00:00 - Oldest still in use is now rule #1064
0:00:00:00 - Rule #1066: 'l Az"1915" <+' accepted as 'lAz"1915"<+'
0:00:00:00 - Oldest still in use is now rule #1065
0:00:00:00 - Rule #1067: 'l Az"1914" <+' accepted as 'lAz"1914"<+'
0:00:00:00 - Oldest still in use is now rule #1066
0:00:00:00 - Rule #1068: 'l Az"1913" <+' accepted as 'lAz"1913"<+'
0:00:00:00 - Oldest still in use is now rule #1067
0:00:00:00 - Rule #1069: 'l Az"1912" <+' accepted as 'lAz"1912"<+'
0:00:00:00 - Oldest still in use is now rule #1068
0:00:00:00 - Rule #1070: 'l Az"1911" <+' accepted as 'lAz"1911"<+'
0:00:00:00 - Oldest still in use is now rule #1069
0:00:00:00 - Rule #1071: 'l Az"1910" <+' accepted as 'lAz"1910"<+'
0:00:00:00 - Oldest still in use is now rule #1070
0:00:00:00 - Rule #1072: 'l Az"1909" <+' accepted as 'lAz"1909"<+'
0:00:00:00 - Oldest still in use is now rule #1071
0:00:00:00 - Rule #1073: 'l Az"1908" <+' accepted as 'lAz"1908"<+'
0:00:00:00 - Oldest still in use is now rule #1072
0:00:00:00 - Rule #1074: 'l Az"1907" <+' accepted as 'lAz"1907"<+'
0:00:00:00 - Oldest still in use is now rule #1073
0:00:00:00 - Rule #1075: 'l Az"1906" <+' accepted as 'lAz"1906"<+'
0:00:00:00 - Oldest still in use is now rule #1074
0:00:00:00 - Rule #1076: 'l Az"1905" <+' accepted as 'lAz"1905"<+'
0:00:00:00 - Oldest still in use is now rule #1075
0:00:00:00 - Rule #1077: 'l Az"1904" <+' accepted as 'lAz"1904"<+'
0:00:00:00 - Oldest still in use is now rule #1076
0:00:00:00 - Rule #1078: 'l Az"1903" <+' accepted as 'lAz"1903"<+'
0:00:00:00 - Oldest still in use is now rule #1077
0:00:00:00 - Rule #1079: 'l Az"1902" <+' accepted as 'lAz"1902"<+'
0:00:00:00 - Oldest still in use is now rule #1078
0:00:00:00 - Rule #1080: 'l Az"1901" <+' accepted as 'lAz"1901"<+'
0:00:00:00 - Oldest still in use is now rule #1079
0:00:00:00 - Rule #1081: 'l Az"1900" <+' accepted as 'lAz"1900"<+'
0:00:00:00 - Oldest still in use is now rule #1080
0:00:00:00 - Processing the remaining buffered candidate passwords, if any
0:00:00:00 Proceeding with wordlist mode
0:00:00:00 - Wordlist file: ./password.lst
0:00:00:00 - 57 preprocessed word mangling rules
0:00:00:00 - Rule #1: ':' accepted as ''
0:00:00:00 + Cracked flag01
0:00:00:00 Session completed
